dummy;counter_type;hadoop_job_id;counter_name;start_time;counter_group;counter_desc;counter_val;hadoop_task_id;general_info;hdfsPath;hadoopLogPath
junk;JOB_INFO;job_201407220146_0011;FILE_BYTES_READ;1406025890026;org.apache.hadoop.mapreduce.FileSystemCounter;FILE: Number of bytes read;4645;job_201407220146_0011;;hdfs://localhost:8020/pdi_hadoop_metrics/metrics/job_201407220146_0011;hdfs://localhost:50030/logs/userlogs/job_201407220146_0011/TASK/stdout
junk;JOB_INFO;job_201407220146_0011;FILE_BYTES_WRITTEN;1406025890026;org.apache.hadoop.mapreduce.FileSystemCounter;FILE: Number of bytes written;1258276;job_201407220146_0011;;hdfs://localhost:8020/pdi_hadoop_metrics/metrics/job_201407220146_0011;hdfs://localhost:50030/logs/userlogs/job_201407220146_0011/TASK/stdout
junk;JOB_INFO;job_201407220146_0011;FILE_READ_OPS;1406025890026;org.apache.hadoop.mapreduce.FileSystemCounter;FILE: Number of read operations;0;job_201407220146_0011;;hdfs://localhost:8020/pdi_hadoop_metrics/metrics/job_201407220146_0011;hdfs://localhost:50030/logs/userlogs/job_201407220146_0011/TASK/stdout
junk;JOB_INFO;job_201407220146_0011;FILE_LARGE_READ_OPS;1406025890026;org.apache.hadoop.mapreduce.FileSystemCounter;FILE: Number of large read operations;0;job_201407220146_0011;;hdfs://localhost:8020/pdi_hadoop_metrics/metrics/job_201407220146_0011;hdfs://localhost:50030/logs/userlogs/job_201407220146_0011/TASK/stdout
junk;JOB_INFO;job_201407220146_0011;FILE_WRITE_OPS;1406025890026;org.apache.hadoop.mapreduce.FileSystemCounter;FILE: Number of write operations;0;job_201407220146_0011;;hdfs://localhost:8020/pdi_hadoop_metrics/metrics/job_201407220146_0011;hdfs://localhost:50030/logs/userlogs/job_201407220146_0011/TASK/stdout
junk;JOB_INFO;job_201407220146_0011;HDFS_BYTES_READ;1406025890026;org.apache.hadoop.mapreduce.FileSystemCounter;HDFS: Number of bytes read;1804;job_201407220146_0011;;hdfs://localhost:8020/pdi_hadoop_metrics/metrics/job_201407220146_0011;hdfs://localhost:50030/logs/userlogs/job_201407220146_0011/TASK/stdout
junk;JOB_INFO;job_201407220146_0011;HDFS_BYTES_WRITTEN;1406025890026;org.apache.hadoop.mapreduce.FileSystemCounter;HDFS: Number of bytes written;102077;job_201407220146_0011;;hdfs://localhost:8020/pdi_hadoop_metrics/metrics/job_201407220146_0011;hdfs://localhost:50030/logs/userlogs/job_201407220146_0011/TASK/stdout
junk;JOB_INFO;job_201407220146_0011;HDFS_READ_OPS;1406025890026;org.apache.hadoop.mapreduce.FileSystemCounter;HDFS: Number of read operations;493;job_201407220146_0011;;hdfs://localhost:8020/pdi_hadoop_metrics/metrics/job_201407220146_0011;hdfs://localhost:50030/logs/userlogs/job_201407220146_0011/TASK/stdout
junk;JOB_INFO;job_201407220146_0011;HDFS_LARGE_READ_OPS;1406025890026;org.apache.hadoop.mapreduce.FileSystemCounter;HDFS: Number of large read operations;0;job_201407220146_0011;;hdfs://localhost:8020/pdi_hadoop_metrics/metrics/job_201407220146_0011;hdfs://localhost:50030/logs/userlogs/job_201407220146_0011/TASK/stdout
junk;JOB_INFO;job_201407220146_0011;HDFS_WRITE_OPS;1406025890026;org.apache.hadoop.mapreduce.FileSystemCounter;HDFS: Number of write operations;170;job_201407220146_0011;;hdfs://localhost:8020/pdi_hadoop_metrics/metrics/job_201407220146_0011;hdfs://localhost:50030/logs/userlogs/job_201407220146_0011/TASK/stdout
junk;JOB_INFO;job_201407220146_0011;TOTAL_LAUNCHED_MAPS;1406025890026;org.apache.hadoop.mapreduce.JobCounter;Launched map tasks;2;job_201407220146_0011;;hdfs://localhost:8020/pdi_hadoop_metrics/metrics/job_201407220146_0011;hdfs://localhost:50030/logs/userlogs/job_201407220146_0011/TASK/stdout
junk;JOB_INFO;job_201407220146_0011;TOTAL_LAUNCHED_REDUCES;1406025890026;org.apache.hadoop.mapreduce.JobCounter;Launched reduce tasks;2;job_201407220146_0011;;hdfs://localhost:8020/pdi_hadoop_metrics/metrics/job_201407220146_0011;hdfs://localhost:50030/logs/userlogs/job_201407220146_0011/TASK/stdout
junk;JOB_INFO;job_201407220146_0011;DATA_LOCAL_MAPS;1406025890026;org.apache.hadoop.mapreduce.JobCounter;Data-local map tasks;2;job_201407220146_0011;;hdfs://localhost:8020/pdi_hadoop_metrics/metrics/job_201407220146_0011;hdfs://localhost:50030/logs/userlogs/job_201407220146_0011/TASK/stdout
junk;JOB_INFO;job_201407220146_0011;SLOTS_MILLIS_MAPS;1406025890026;org.apache.hadoop.mapreduce.JobCounter;Total time spent by all maps in occupied slots (ms);39566;job_201407220146_0011;;hdfs://localhost:8020/pdi_hadoop_metrics/metrics/job_201407220146_0011;hdfs://localhost:50030/logs/userlogs/job_201407220146_0011/TASK/stdout
junk;JOB_INFO;job_201407220146_0011;SLOTS_MILLIS_REDUCES;1406025890026;org.apache.hadoop.mapreduce.JobCounter;Total time spent by all reduces in occupied slots (ms);105997;job_201407220146_0011;;hdfs://localhost:8020/pdi_hadoop_metrics/metrics/job_201407220146_0011;hdfs://localhost:50030/logs/userlogs/job_201407220146_0011/TASK/stdout
junk;JOB_INFO;job_201407220146_0011;FALLOW_SLOTS_MILLIS_MAPS;1406025890026;org.apache.hadoop.mapreduce.JobCounter;Total time spent by all maps waiting after reserving slots (ms);0;job_201407220146_0011;;hdfs://localhost:8020/pdi_hadoop_metrics/metrics/job_201407220146_0011;hdfs://localhost:50030/logs/userlogs/job_201407220146_0011/TASK/stdout
junk;JOB_INFO;job_201407220146_0011;FALLOW_SLOTS_MILLIS_REDUCES;1406025890026;org.apache.hadoop.mapreduce.JobCounter;Total time spent by all reduces waiting after reserving slots (ms);0;job_201407220146_0011;;hdfs://localhost:8020/pdi_hadoop_metrics/metrics/job_201407220146_0011;hdfs://localhost:50030/logs/userlogs/job_201407220146_0011/TASK/stdout
junk;JOB_INFO;job_201407220146_0011;MAP_INPUT_RECORDS;1406025890026;org.apache.hadoop.mapreduce.TaskCounter;Map input records;14;job_201407220146_0011;;hdfs://localhost:8020/pdi_hadoop_metrics/metrics/job_201407220146_0011;hdfs://localhost:50030/logs/userlogs/job_201407220146_0011/TASK/stdout
junk;JOB_INFO;job_201407220146_0011;MAP_OUTPUT_RECORDS;1406025890026;org.apache.hadoop.mapreduce.TaskCounter;Map output records;311;job_201407220146_0011;;hdfs://localhost:8020/pdi_hadoop_metrics/metrics/job_201407220146_0011;hdfs://localhost:50030/logs/userlogs/job_201407220146_0011/TASK/stdout
junk;JOB_INFO;job_201407220146_0011;MAP_OUTPUT_BYTES;1406025890026;org.apache.hadoop.mapreduce.TaskCounter;Map output bytes;4011;job_201407220146_0011;;hdfs://localhost:8020/pdi_hadoop_metrics/metrics/job_201407220146_0011;hdfs://localhost:50030/logs/userlogs/job_201407220146_0011/TASK/stdout
junk;JOB_INFO;job_201407220146_0011;SPLIT_RAW_BYTES;1406025890026;org.apache.hadoop.mapreduce.TaskCounter;Input split bytes;222;job_201407220146_0011;;hdfs://localhost:8020/pdi_hadoop_metrics/metrics/job_201407220146_0011;hdfs://localhost:50030/logs/userlogs/job_201407220146_0011/TASK/stdout
junk;JOB_INFO;job_201407220146_0011;COMBINE_INPUT_RECORDS;1406025890026;org.apache.hadoop.mapreduce.TaskCounter;Combine input records;0;job_201407220146_0011;;hdfs://localhost:8020/pdi_hadoop_metrics/metrics/job_201407220146_0011;hdfs://localhost:50030/logs/userlogs/job_201407220146_0011/TASK/stdout
junk;JOB_INFO;job_201407220146_0011;COMBINE_OUTPUT_RECORDS;1406025890026;org.apache.hadoop.mapreduce.TaskCounter;Combine output records;0;job_201407220146_0011;;hdfs://localhost:8020/pdi_hadoop_metrics/metrics/job_201407220146_0011;hdfs://localhost:50030/logs/userlogs/job_201407220146_0011/TASK/stdout
junk;JOB_INFO;job_201407220146_0011;REDUCE_INPUT_GROUPS;1406025890026;org.apache.hadoop.mapreduce.TaskCounter;Reduce input groups;160;job_201407220146_0011;;hdfs://localhost:8020/pdi_hadoop_metrics/metrics/job_201407220146_0011;hdfs://localhost:50030/logs/userlogs/job_201407220146_0011/TASK/stdout
junk;JOB_INFO;job_201407220146_0011;REDUCE_SHUFFLE_BYTES;1406025890026;org.apache.hadoop.mapreduce.TaskCounter;Reduce shuffle bytes;4657;job_201407220146_0011;;hdfs://localhost:8020/pdi_hadoop_metrics/metrics/job_201407220146_0011;hdfs://localhost:50030/logs/userlogs/job_201407220146_0011/TASK/stdout
junk;JOB_INFO;job_201407220146_0011;REDUCE_INPUT_RECORDS;1406025890026;org.apache.hadoop.mapreduce.TaskCounter;Reduce input records;311;job_201407220146_0011;;hdfs://localhost:8020/pdi_hadoop_metrics/metrics/job_201407220146_0011;hdfs://localhost:50030/logs/userlogs/job_201407220146_0011/TASK/stdout
junk;JOB_INFO;job_201407220146_0011;REDUCE_OUTPUT_RECORDS;1406025890026;org.apache.hadoop.mapreduce.TaskCounter;Reduce output records;160;job_201407220146_0011;;hdfs://localhost:8020/pdi_hadoop_metrics/metrics/job_201407220146_0011;hdfs://localhost:50030/logs/userlogs/job_201407220146_0011/TASK/stdout
junk;JOB_INFO;job_201407220146_0011;SPILLED_RECORDS;1406025890026;org.apache.hadoop.mapreduce.TaskCounter;Spilled Records;622;job_201407220146_0011;;hdfs://localhost:8020/pdi_hadoop_metrics/metrics/job_201407220146_0011;hdfs://localhost:50030/logs/userlogs/job_201407220146_0011/TASK/stdout
junk;JOB_INFO;job_201407220146_0011;CPU_MILLISECONDS;1406025890026;org.apache.hadoop.mapreduce.TaskCounter;CPU time spent (ms);46930;job_201407220146_0011;;hdfs://localhost:8020/pdi_hadoop_metrics/metrics/job_201407220146_0011;hdfs://localhost:50030/logs/userlogs/job_201407220146_0011/TASK/stdout
junk;JOB_INFO;job_201407220146_0011;PHYSICAL_MEMORY_BYTES;1406025890026;org.apache.hadoop.mapreduce.TaskCounter;Physical memory (bytes) snapshot;1027342336;job_201407220146_0011;;hdfs://localhost:8020/pdi_hadoop_metrics/metrics/job_201407220146_0011;hdfs://localhost:50030/logs/userlogs/job_201407220146_0011/TASK/stdout
junk;JOB_INFO;job_201407220146_0011;VIRTUAL_MEMORY_BYTES;1406025890026;org.apache.hadoop.mapreduce.TaskCounter;Virtual memory (bytes) snapshot;4096962560;job_201407220146_0011;;hdfs://localhost:8020/pdi_hadoop_metrics/metrics/job_201407220146_0011;hdfs://localhost:50030/logs/userlogs/job_201407220146_0011/TASK/stdout
junk;JOB_INFO;job_201407220146_0011;COMMITTED_HEAP_BYTES;1406025890026;org.apache.hadoop.mapreduce.TaskCounter;Total committed heap usage (bytes);579469312;job_201407220146_0011;;hdfs://localhost:8020/pdi_hadoop_metrics/metrics/job_201407220146_0011;hdfs://localhost:50030/logs/userlogs/job_201407220146_0011/TASK/stdout
junk;JOB_INFO;job_201407220146_0011;BYTES_READ;1406025890026;org.apache.hadoop.mapreduce.lib.input.FileInputFormatCounter;BYTES_READ;1582;job_201407220146_0011;;hdfs://localhost:8020/pdi_hadoop_metrics/metrics/job_201407220146_0011;hdfs://localhost:50030/logs/userlogs/job_201407220146_0011/TASK/stdout
junk;JOB_INFO;job_201407220146_0011;;;;;;;Info:JobId=job_201407220146_0011;hdfs://localhost:8020/pdi_hadoop_metrics/metrics/job_201407220146_0011;hdfs://localhost:50030/logs/userlogs/job_201407220146_0011/TASK/stdout
junk;JOB_INFO;job_201407220146_0011;;;;;;;Info:JobMapProgress=1.0;hdfs://localhost:8020/pdi_hadoop_metrics/metrics/job_201407220146_0011;hdfs://localhost:50030/logs/userlogs/job_201407220146_0011/TASK/stdout
junk;JOB_INFO;job_201407220146_0011;;;;;;;Info:JobName=DemoWordCount_1406025888499;hdfs://localhost:8020/pdi_hadoop_metrics/metrics/job_201407220146_0011;hdfs://localhost:50030/logs/userlogs/job_201407220146_0011/TASK/stdout
junk;JOB_INFO;job_201407220146_0011;;;;;;;Info:JobPriority=2;hdfs://localhost:8020/pdi_hadoop_metrics/metrics/job_201407220146_0011;hdfs://localhost:50030/logs/userlogs/job_201407220146_0011/TASK/stdout
junk;JOB_INFO;job_201407220146_0011;;;;;;;Info:JobPriorityDesc=NORMAL;hdfs://localhost:8020/pdi_hadoop_metrics/metrics/job_201407220146_0011;hdfs://localhost:50030/logs/userlogs/job_201407220146_0011/TASK/stdout
junk;JOB_INFO;job_201407220146_0011;;;;;;;Info:JobReduceProgress=1.0;hdfs://localhost:8020/pdi_hadoop_metrics/metrics/job_201407220146_0011;hdfs://localhost:50030/logs/userlogs/job_201407220146_0011/TASK/stdout
junk;JOB_INFO;job_201407220146_0011;;;;;;;Info:JobStartTime=1406025890026;hdfs://localhost:8020/pdi_hadoop_metrics/metrics/job_201407220146_0011;hdfs://localhost:50030/logs/userlogs/job_201407220146_0011/TASK/stdout
junk;JOB_INFO;job_201407220146_0011;;;;;;;Info:JobState=2;hdfs://localhost:8020/pdi_hadoop_metrics/metrics/job_201407220146_0011;hdfs://localhost:50030/logs/userlogs/job_201407220146_0011/TASK/stdout
junk;JOB_INFO;job_201407220146_0011;;;;;;;Info:JobStateDesc=SUCCEEDED;hdfs://localhost:8020/pdi_hadoop_metrics/metrics/job_201407220146_0011;hdfs://localhost:50030/logs/userlogs/job_201407220146_0011/TASK/stdout
junk;JOB_INFO;job_201407220146_0011;;;;;;;Info:JobUsername=zeus;hdfs://localhost:8020/pdi_hadoop_metrics/metrics/job_201407220146_0011;hdfs://localhost:50030/logs/userlogs/job_201407220146_0011/TASK/stdout
junk;MAP_TASK;job_201407220146_0011;FILE_BYTES_READ;1406025895958;org.apache.hadoop.mapreduce.FileSystemCounter;FILE: Number of bytes read;0;task_201407220146_0011_m_000000;;hdfs://localhost:8020/pdi_hadoop_metrics/metrics/job_201407220146_0011;hdfs://localhost:50030/logs/userlogs/job_201407220146_0011/TASK/stdout
junk;MAP_TASK;job_201407220146_0011;FILE_BYTES_WRITTEN;1406025895958;org.apache.hadoop.mapreduce.FileSystemCounter;FILE: Number of bytes written;314986;task_201407220146_0011_m_000000;;hdfs://localhost:8020/pdi_hadoop_metrics/metrics/job_201407220146_0011;hdfs://localhost:50030/logs/userlogs/job_201407220146_0011/TASK/stdout
junk;MAP_TASK;job_201407220146_0011;FILE_READ_OPS;1406025895958;org.apache.hadoop.mapreduce.FileSystemCounter;FILE: Number of read operations;0;task_201407220146_0011_m_000000;;hdfs://localhost:8020/pdi_hadoop_metrics/metrics/job_201407220146_0011;hdfs://localhost:50030/logs/userlogs/job_201407220146_0011/TASK/stdout
junk;MAP_TASK;job_201407220146_0011;FILE_LARGE_READ_OPS;1406025895958;org.apache.hadoop.mapreduce.FileSystemCounter;FILE: Number of large read operations;0;task_201407220146_0011_m_000000;;hdfs://localhost:8020/pdi_hadoop_metrics/metrics/job_201407220146_0011;hdfs://localhost:50030/logs/userlogs/job_201407220146_0011/TASK/stdout
junk;MAP_TASK;job_201407220146_0011;FILE_WRITE_OPS;1406025895958;org.apache.hadoop.mapreduce.FileSystemCounter;FILE: Number of write operations;0;task_201407220146_0011_m_000000;;hdfs://localhost:8020/pdi_hadoop_metrics/metrics/job_201407220146_0011;hdfs://localhost:50030/logs/userlogs/job_201407220146_0011/TASK/stdout
junk;MAP_TASK;job_201407220146_0011;HDFS_BYTES_READ;1406025895958;org.apache.hadoop.mapreduce.FileSystemCounter;HDFS: Number of bytes read;974;task_201407220146_0011_m_000000;;hdfs://localhost:8020/pdi_hadoop_metrics/metrics/job_201407220146_0011;hdfs://localhost:50030/logs/userlogs/job_201407220146_0011/TASK/stdout
junk;MAP_TASK;job_201407220146_0011;HDFS_BYTES_WRITTEN;1406025895958;org.apache.hadoop.mapreduce.FileSystemCounter;HDFS: Number of bytes written;1132;task_201407220146_0011_m_000000;;hdfs://localhost:8020/pdi_hadoop_metrics/metrics/job_201407220146_0011;hdfs://localhost:50030/logs/userlogs/job_201407220146_0011/TASK/stdout
junk;MAP_TASK;job_201407220146_0011;HDFS_READ_OPS;1406025895958;org.apache.hadoop.mapreduce.FileSystemCounter;HDFS: Number of read operations;5;task_201407220146_0011_m_000000;;hdfs://localhost:8020/pdi_hadoop_metrics/metrics/job_201407220146_0011;hdfs://localhost:50030/logs/userlogs/job_201407220146_0011/TASK/stdout
junk;MAP_TASK;job_201407220146_0011;HDFS_LARGE_READ_OPS;1406025895958;org.apache.hadoop.mapreduce.FileSystemCounter;HDFS: Number of large read operations;0;task_201407220146_0011_m_000000;;hdfs://localhost:8020/pdi_hadoop_metrics/metrics/job_201407220146_0011;hdfs://localhost:50030/logs/userlogs/job_201407220146_0011/TASK/stdout
junk;MAP_TASK;job_201407220146_0011;HDFS_WRITE_OPS;1406025895958;org.apache.hadoop.mapreduce.FileSystemCounter;HDFS: Number of write operations;2;task_201407220146_0011_m_000000;;hdfs://localhost:8020/pdi_hadoop_metrics/metrics/job_201407220146_0011;hdfs://localhost:50030/logs/userlogs/job_201407220146_0011/TASK/stdout
junk;MAP_TASK;job_201407220146_0011;MAP_INPUT_RECORDS;1406025895958;org.apache.hadoop.mapreduce.TaskCounter;Map input records;8;task_201407220146_0011_m_000000;;hdfs://localhost:8020/pdi_hadoop_metrics/metrics/job_201407220146_0011;hdfs://localhost:50030/logs/userlogs/job_201407220146_0011/TASK/stdout
junk;MAP_TASK;job_201407220146_0011;MAP_OUTPUT_RECORDS;1406025895958;org.apache.hadoop.mapreduce.TaskCounter;Map output records;173;task_201407220146_0011_m_000000;;hdfs://localhost:8020/pdi_hadoop_metrics/metrics/job_201407220146_0011;hdfs://localhost:50030/logs/userlogs/job_201407220146_0011/TASK/stdout
junk;MAP_TASK;job_201407220146_0011;MAP_OUTPUT_BYTES;1406025895958;org.apache.hadoop.mapreduce.TaskCounter;Map output bytes;2216;task_201407220146_0011_m_000000;;hdfs://localhost:8020/pdi_hadoop_metrics/metrics/job_201407220146_0011;hdfs://localhost:50030/logs/userlogs/job_201407220146_0011/TASK/stdout
junk;MAP_TASK;job_201407220146_0011;SPLIT_RAW_BYTES;1406025895958;org.apache.hadoop.mapreduce.TaskCounter;Input split bytes;111;task_201407220146_0011_m_000000;;hdfs://localhost:8020/pdi_hadoop_metrics/metrics/job_201407220146_0011;hdfs://localhost:50030/logs/userlogs/job_201407220146_0011/TASK/stdout
junk;MAP_TASK;job_201407220146_0011;COMBINE_INPUT_RECORDS;1406025895958;org.apache.hadoop.mapreduce.TaskCounter;Combine input records;0;task_201407220146_0011_m_000000;;hdfs://localhost:8020/pdi_hadoop_metrics/metrics/job_201407220146_0011;hdfs://localhost:50030/logs/userlogs/job_201407220146_0011/TASK/stdout
junk;MAP_TASK;job_201407220146_0011;COMBINE_OUTPUT_RECORDS;1406025895958;org.apache.hadoop.mapreduce.TaskCounter;Combine output records;0;task_201407220146_0011_m_000000;;hdfs://localhost:8020/pdi_hadoop_metrics/metrics/job_201407220146_0011;hdfs://localhost:50030/logs/userlogs/job_201407220146_0011/TASK/stdout
junk;MAP_TASK;job_201407220146_0011;SPILLED_RECORDS;1406025895958;org.apache.hadoop.mapreduce.TaskCounter;Spilled Records;173;task_201407220146_0011_m_000000;;hdfs://localhost:8020/pdi_hadoop_metrics/metrics/job_201407220146_0011;hdfs://localhost:50030/logs/userlogs/job_201407220146_0011/TASK/stdout
junk;MAP_TASK;job_201407220146_0011;CPU_MILLISECONDS;1406025895958;org.apache.hadoop.mapreduce.TaskCounter;CPU time spent (ms);8790;task_201407220146_0011_m_000000;;hdfs://localhost:8020/pdi_hadoop_metrics/metrics/job_201407220146_0011;hdfs://localhost:50030/logs/userlogs/job_201407220146_0011/TASK/stdout
junk;MAP_TASK;job_201407220146_0011;PHYSICAL_MEMORY_BYTES;1406025895958;org.apache.hadoop.mapreduce.TaskCounter;Physical memory (bytes) snapshot;293535744;task_201407220146_0011_m_000000;;hdfs://localhost:8020/pdi_hadoop_metrics/metrics/job_201407220146_0011;hdfs://localhost:50030/logs/userlogs/job_201407220146_0011/TASK/stdout
junk;MAP_TASK;job_201407220146_0011;VIRTUAL_MEMORY_BYTES;1406025895958;org.apache.hadoop.mapreduce.TaskCounter;Virtual memory (bytes) snapshot;1023729664;task_201407220146_0011_m_000000;;hdfs://localhost:8020/pdi_hadoop_metrics/metrics/job_201407220146_0011;hdfs://localhost:50030/logs/userlogs/job_201407220146_0011/TASK/stdout
junk;MAP_TASK;job_201407220146_0011;COMMITTED_HEAP_BYTES;1406025895958;org.apache.hadoop.mapreduce.TaskCounter;Total committed heap usage (bytes);205717504;task_201407220146_0011_m_000000;;hdfs://localhost:8020/pdi_hadoop_metrics/metrics/job_201407220146_0011;hdfs://localhost:50030/logs/userlogs/job_201407220146_0011/TASK/stdout
junk;MAP_TASK;job_201407220146_0011;BYTES_READ;1406025895958;org.apache.hadoop.mapreduce.lib.input.FileInputFormatCounter;BYTES_READ;863;task_201407220146_0011_m_000000;;hdfs://localhost:8020/pdi_hadoop_metrics/metrics/job_201407220146_0011;hdfs://localhost:50030/logs/userlogs/job_201407220146_0011/TASK/stdout
junk;MAP_TASK;job_201407220146_0011;;;;;;;Info:JobId=job_201407220146_0011;hdfs://localhost:8020/pdi_hadoop_metrics/metrics/job_201407220146_0011;hdfs://localhost:50030/logs/userlogs/job_201407220146_0011/TASK/stdout
junk;MAP_TASK;job_201407220146_0011;;;;;;;Info:TaskCurrentStatus=COMPLETE;hdfs://localhost:8020/pdi_hadoop_metrics/metrics/job_201407220146_0011;hdfs://localhost:50030/logs/userlogs/job_201407220146_0011/TASK/stdout
junk;MAP_TASK;job_201407220146_0011;;;;;;;Info:TaskFinishTime=1406025912772;hdfs://localhost:8020/pdi_hadoop_metrics/metrics/job_201407220146_0011;hdfs://localhost:50030/logs/userlogs/job_201407220146_0011/TASK/stdout
junk;MAP_TASK;job_201407220146_0011;;;;;;;Info:TaskId=task_201407220146_0011_m_000000;hdfs://localhost:8020/pdi_hadoop_metrics/metrics/job_201407220146_0011;hdfs://localhost:50030/logs/userlogs/job_201407220146_0011/TASK/stdout
junk;MAP_TASK;job_201407220146_0011;;;;;;;Info:TaskProgress=1.0;hdfs://localhost:8020/pdi_hadoop_metrics/metrics/job_201407220146_0011;hdfs://localhost:50030/logs/userlogs/job_201407220146_0011/TASK/stdout
junk;MAP_TASK;job_201407220146_0011;;;;;;;Info:TaskStartTime=1406025895958;hdfs://localhost:8020/pdi_hadoop_metrics/metrics/job_201407220146_0011;hdfs://localhost:50030/logs/userlogs/job_201407220146_0011/TASK/stdout
junk;MAP_TASK;job_201407220146_0011;;;;;;;Info:TaskState=Completed processing record;hdfs://localhost:8020/pdi_hadoop_metrics/metrics/job_201407220146_0011;hdfs://localhost:50030/logs/userlogs/job_201407220146_0011/TASK/stdout
junk;MAP_TASK;job_201407220146_0011;FILE_BYTES_READ;1406025895960;org.apache.hadoop.mapreduce.FileSystemCounter;FILE: Number of bytes read;0;task_201407220146_0011_m_000001;;hdfs://localhost:8020/pdi_hadoop_metrics/metrics/job_201407220146_0011;hdfs://localhost:50030/logs/userlogs/job_201407220146_0011/TASK/stdout
junk;MAP_TASK;job_201407220146_0011;FILE_BYTES_WRITTEN;1406025895960;org.apache.hadoop.mapreduce.FileSystemCounter;FILE: Number of bytes written;314495;task_201407220146_0011_m_000001;;hdfs://localhost:8020/pdi_hadoop_metrics/metrics/job_201407220146_0011;hdfs://localhost:50030/logs/userlogs/job_201407220146_0011/TASK/stdout
junk;MAP_TASK;job_201407220146_0011;FILE_READ_OPS;1406025895960;org.apache.hadoop.mapreduce.FileSystemCounter;FILE: Number of read operations;0;task_201407220146_0011_m_000001;;hdfs://localhost:8020/pdi_hadoop_metrics/metrics/job_201407220146_0011;hdfs://localhost:50030/logs/userlogs/job_201407220146_0011/TASK/stdout
junk;MAP_TASK;job_201407220146_0011;FILE_LARGE_READ_OPS;1406025895960;org.apache.hadoop.mapreduce.FileSystemCounter;FILE: Number of large read operations;0;task_201407220146_0011_m_000001;;hdfs://localhost:8020/pdi_hadoop_metrics/metrics/job_201407220146_0011;hdfs://localhost:50030/logs/userlogs/job_201407220146_0011/TASK/stdout
junk;MAP_TASK;job_201407220146_0011;FILE_WRITE_OPS;1406025895960;org.apache.hadoop.mapreduce.FileSystemCounter;FILE: Number of write operations;0;task_201407220146_0011_m_000001;;hdfs://localhost:8020/pdi_hadoop_metrics/metrics/job_201407220146_0011;hdfs://localhost:50030/logs/userlogs/job_201407220146_0011/TASK/stdout
junk;MAP_TASK;job_201407220146_0011;HDFS_BYTES_READ;1406025895960;org.apache.hadoop.mapreduce.FileSystemCounter;HDFS: Number of bytes read;830;task_201407220146_0011_m_000001;;hdfs://localhost:8020/pdi_hadoop_metrics/metrics/job_201407220146_0011;hdfs://localhost:50030/logs/userlogs/job_201407220146_0011/TASK/stdout
junk;MAP_TASK;job_201407220146_0011;HDFS_BYTES_WRITTEN;1406025895960;org.apache.hadoop.mapreduce.FileSystemCounter;HDFS: Number of bytes written;1132;task_201407220146_0011_m_000001;;hdfs://localhost:8020/pdi_hadoop_metrics/metrics/job_201407220146_0011;hdfs://localhost:50030/logs/userlogs/job_201407220146_0011/TASK/stdout
junk;MAP_TASK;job_201407220146_0011;HDFS_READ_OPS;1406025895960;org.apache.hadoop.mapreduce.FileSystemCounter;HDFS: Number of read operations;5;task_201407220146_0011_m_000001;;hdfs://localhost:8020/pdi_hadoop_metrics/metrics/job_201407220146_0011;hdfs://localhost:50030/logs/userlogs/job_201407220146_0011/TASK/stdout
junk;MAP_TASK;job_201407220146_0011;HDFS_LARGE_READ_OPS;1406025895960;org.apache.hadoop.mapreduce.FileSystemCounter;HDFS: Number of large read operations;0;task_201407220146_0011_m_000001;;hdfs://localhost:8020/pdi_hadoop_metrics/metrics/job_201407220146_0011;hdfs://localhost:50030/logs/userlogs/job_201407220146_0011/TASK/stdout
junk;MAP_TASK;job_201407220146_0011;HDFS_WRITE_OPS;1406025895960;org.apache.hadoop.mapreduce.FileSystemCounter;HDFS: Number of write operations;2;task_201407220146_0011_m_000001;;hdfs://localhost:8020/pdi_hadoop_metrics/metrics/job_201407220146_0011;hdfs://localhost:50030/logs/userlogs/job_201407220146_0011/TASK/stdout
junk;MAP_TASK;job_201407220146_0011;MAP_INPUT_RECORDS;1406025895960;org.apache.hadoop.mapreduce.TaskCounter;Map input records;6;task_201407220146_0011_m_000001;;hdfs://localhost:8020/pdi_hadoop_metrics/metrics/job_201407220146_0011;hdfs://localhost:50030/logs/userlogs/job_201407220146_0011/TASK/stdout
junk;MAP_TASK;job_201407220146_0011;MAP_OUTPUT_RECORDS;1406025895960;org.apache.hadoop.mapreduce.TaskCounter;Map output records;138;task_201407220146_0011_m_000001;;hdfs://localhost:8020/pdi_hadoop_metrics/metrics/job_201407220146_0011;hdfs://localhost:50030/logs/userlogs/job_201407220146_0011/TASK/stdout
junk;MAP_TASK;job_201407220146_0011;MAP_OUTPUT_BYTES;1406025895960;org.apache.hadoop.mapreduce.TaskCounter;Map output bytes;1795;task_201407220146_0011_m_000001;;hdfs://localhost:8020/pdi_hadoop_metrics/metrics/job_201407220146_0011;hdfs://localhost:50030/logs/userlogs/job_201407220146_0011/TASK/stdout
junk;MAP_TASK;job_201407220146_0011;SPLIT_RAW_BYTES;1406025895960;org.apache.hadoop.mapreduce.TaskCounter;Input split bytes;111;task_201407220146_0011_m_000001;;hdfs://localhost:8020/pdi_hadoop_metrics/metrics/job_201407220146_0011;hdfs://localhost:50030/logs/userlogs/job_201407220146_0011/TASK/stdout
junk;MAP_TASK;job_201407220146_0011;COMBINE_INPUT_RECORDS;1406025895960;org.apache.hadoop.mapreduce.TaskCounter;Combine input records;0;task_201407220146_0011_m_000001;;hdfs://localhost:8020/pdi_hadoop_metrics/metrics/job_201407220146_0011;hdfs://localhost:50030/logs/userlogs/job_201407220146_0011/TASK/stdout
junk;MAP_TASK;job_201407220146_0011;COMBINE_OUTPUT_RECORDS;1406025895960;org.apache.hadoop.mapreduce.TaskCounter;Combine output records;0;task_201407220146_0011_m_000001;;hdfs://localhost:8020/pdi_hadoop_metrics/metrics/job_201407220146_0011;hdfs://localhost:50030/logs/userlogs/job_201407220146_0011/TASK/stdout
junk;MAP_TASK;job_201407220146_0011;SPILLED_RECORDS;1406025895960;org.apache.hadoop.mapreduce.TaskCounter;Spilled Records;138;task_201407220146_0011_m_000001;;hdfs://localhost:8020/pdi_hadoop_metrics/metrics/job_201407220146_0011;hdfs://localhost:50030/logs/userlogs/job_201407220146_0011/TASK/stdout
junk;MAP_TASK;job_201407220146_0011;CPU_MILLISECONDS;1406025895960;org.apache.hadoop.mapreduce.TaskCounter;CPU time spent (ms);9230;task_201407220146_0011_m_000001;;hdfs://localhost:8020/pdi_hadoop_metrics/metrics/job_201407220146_0011;hdfs://localhost:50030/logs/userlogs/job_201407220146_0011/TASK/stdout
junk;MAP_TASK;job_201407220146_0011;PHYSICAL_MEMORY_BYTES;1406025895960;org.apache.hadoop.mapreduce.TaskCounter;Physical memory (bytes) snapshot;306855936;task_201407220146_0011_m_000001;;hdfs://localhost:8020/pdi_hadoop_metrics/metrics/job_201407220146_0011;hdfs://localhost:50030/logs/userlogs/job_201407220146_0011/TASK/stdout
junk;MAP_TASK;job_201407220146_0011;VIRTUAL_MEMORY_BYTES;1406025895960;org.apache.hadoop.mapreduce.TaskCounter;Virtual memory (bytes) snapshot;1025482752;task_201407220146_0011_m_000001;;hdfs://localhost:8020/pdi_hadoop_metrics/metrics/job_201407220146_0011;hdfs://localhost:50030/logs/userlogs/job_201407220146_0011/TASK/stdout
junk;MAP_TASK;job_201407220146_0011;COMMITTED_HEAP_BYTES;1406025895960;org.apache.hadoop.mapreduce.TaskCounter;Total committed heap usage (bytes);200212480;task_201407220146_0011_m_000001;;hdfs://localhost:8020/pdi_hadoop_metrics/metrics/job_201407220146_0011;hdfs://localhost:50030/logs/userlogs/job_201407220146_0011/TASK/stdout
junk;MAP_TASK;job_201407220146_0011;BYTES_READ;1406025895960;org.apache.hadoop.mapreduce.lib.input.FileInputFormatCounter;BYTES_READ;719;task_201407220146_0011_m_000001;;hdfs://localhost:8020/pdi_hadoop_metrics/metrics/job_201407220146_0011;hdfs://localhost:50030/logs/userlogs/job_201407220146_0011/TASK/stdout
junk;MAP_TASK;job_201407220146_0011;;;;;;;Info:JobId=job_201407220146_0011;hdfs://localhost:8020/pdi_hadoop_metrics/metrics/job_201407220146_0011;hdfs://localhost:50030/logs/userlogs/job_201407220146_0011/TASK/stdout
junk;MAP_TASK;job_201407220146_0011;;;;;;;Info:TaskCurrentStatus=COMPLETE;hdfs://localhost:8020/pdi_hadoop_metrics/metrics/job_201407220146_0011;hdfs://localhost:50030/logs/userlogs/job_201407220146_0011/TASK/stdout
junk;MAP_TASK;job_201407220146_0011;;;;;;;Info:TaskFinishTime=1406025912816;hdfs://localhost:8020/pdi_hadoop_metrics/metrics/job_201407220146_0011;hdfs://localhost:50030/logs/userlogs/job_201407220146_0011/TASK/stdout
junk;MAP_TASK;job_201407220146_0011;;;;;;;Info:TaskId=task_201407220146_0011_m_000001;hdfs://localhost:8020/pdi_hadoop_metrics/metrics/job_201407220146_0011;hdfs://localhost:50030/logs/userlogs/job_201407220146_0011/TASK/stdout
junk;MAP_TASK;job_201407220146_0011;;;;;;;Info:TaskProgress=1.0;hdfs://localhost:8020/pdi_hadoop_metrics/metrics/job_201407220146_0011;hdfs://localhost:50030/logs/userlogs/job_201407220146_0011/TASK/stdout
junk;MAP_TASK;job_201407220146_0011;;;;;;;Info:TaskStartTime=1406025895960;hdfs://localhost:8020/pdi_hadoop_metrics/metrics/job_201407220146_0011;hdfs://localhost:50030/logs/userlogs/job_201407220146_0011/TASK/stdout
junk;MAP_TASK;job_201407220146_0011;;;;;;;Info:TaskState=Completed processing record;hdfs://localhost:8020/pdi_hadoop_metrics/metrics/job_201407220146_0011;hdfs://localhost:50030/logs/userlogs/job_201407220146_0011/TASK/stdout
junk;REDUCE_TASK;job_201407220146_0011;FILE_BYTES_READ;1406025913423;org.apache.hadoop.mapreduce.FileSystemCounter;FILE: Number of bytes read;2979;task_201407220146_0011_r_000000;;hdfs://localhost:8020/pdi_hadoop_metrics/metrics/job_201407220146_0011;hdfs://localhost:50030/logs/userlogs/job_201407220146_0011/TASK/stdout
junk;REDUCE_TASK;job_201407220146_0011;FILE_BYTES_WRITTEN;1406025913423;org.apache.hadoop.mapreduce.FileSystemCounter;FILE: Number of bytes written;315054;task_201407220146_0011_r_000000;;hdfs://localhost:8020/pdi_hadoop_metrics/metrics/job_201407220146_0011;hdfs://localhost:50030/logs/userlogs/job_201407220146_0011/TASK/stdout
junk;REDUCE_TASK;job_201407220146_0011;FILE_READ_OPS;1406025913423;org.apache.hadoop.mapreduce.FileSystemCounter;FILE: Number of read operations;0;task_201407220146_0011_r_000000;;hdfs://localhost:8020/pdi_hadoop_metrics/metrics/job_201407220146_0011;hdfs://localhost:50030/logs/userlogs/job_201407220146_0011/TASK/stdout
junk;REDUCE_TASK;job_201407220146_0011;FILE_LARGE_READ_OPS;1406025913423;org.apache.hadoop.mapreduce.FileSystemCounter;FILE: Number of large read operations;0;task_201407220146_0011_r_000000;;hdfs://localhost:8020/pdi_hadoop_metrics/metrics/job_201407220146_0011;hdfs://localhost:50030/logs/userlogs/job_201407220146_0011/TASK/stdout
junk;REDUCE_TASK;job_201407220146_0011;FILE_WRITE_OPS;1406025913423;org.apache.hadoop.mapreduce.FileSystemCounter;FILE: Number of write operations;0;task_201407220146_0011_r_000000;;hdfs://localhost:8020/pdi_hadoop_metrics/metrics/job_201407220146_0011;hdfs://localhost:50030/logs/userlogs/job_201407220146_0011/TASK/stdout
junk;REDUCE_TASK;job_201407220146_0011;HDFS_BYTES_READ;1406025913423;org.apache.hadoop.mapreduce.FileSystemCounter;HDFS: Number of bytes read;0;task_201407220146_0011_r_000000;;hdfs://localhost:8020/pdi_hadoop_metrics/metrics/job_201407220146_0011;hdfs://localhost:50030/logs/userlogs/job_201407220146_0011/TASK/stdout
junk;REDUCE_TASK;job_201407220146_0011;HDFS_BYTES_WRITTEN;1406025913423;org.apache.hadoop.mapreduce.FileSystemCounter;HDFS: Number of bytes written;53643;task_201407220146_0011_r_000000;;hdfs://localhost:8020/pdi_hadoop_metrics/metrics/job_201407220146_0011;hdfs://localhost:50030/logs/userlogs/job_201407220146_0011/TASK/stdout
junk;REDUCE_TASK;job_201407220146_0011;HDFS_READ_OPS;1406025913423;org.apache.hadoop.mapreduce.FileSystemCounter;HDFS: Number of read operations;259;task_201407220146_0011_r_000000;;hdfs://localhost:8020/pdi_hadoop_metrics/metrics/job_201407220146_0011;hdfs://localhost:50030/logs/userlogs/job_201407220146_0011/TASK/stdout
junk;REDUCE_TASK;job_201407220146_0011;HDFS_LARGE_READ_OPS;1406025913423;org.apache.hadoop.mapreduce.FileSystemCounter;HDFS: Number of large read operations;0;task_201407220146_0011_r_000000;;hdfs://localhost:8020/pdi_hadoop_metrics/metrics/job_201407220146_0011;hdfs://localhost:50030/logs/userlogs/job_201407220146_0011/TASK/stdout
junk;REDUCE_TASK;job_201407220146_0011;HDFS_WRITE_OPS;1406025913423;org.apache.hadoop.mapreduce.FileSystemCounter;HDFS: Number of write operations;89;task_201407220146_0011_r_000000;;hdfs://localhost:8020/pdi_hadoop_metrics/metrics/job_201407220146_0011;hdfs://localhost:50030/logs/userlogs/job_201407220146_0011/TASK/stdout
junk;REDUCE_TASK;job_201407220146_0011;COMBINE_INPUT_RECORDS;1406025913423;org.apache.hadoop.mapreduce.TaskCounter;Combine input records;0;task_201407220146_0011_r_000000;;hdfs://localhost:8020/pdi_hadoop_metrics/metrics/job_201407220146_0011;hdfs://localhost:50030/logs/userlogs/job_201407220146_0011/TASK/stdout
junk;REDUCE_TASK;job_201407220146_0011;COMBINE_OUTPUT_RECORDS;1406025913423;org.apache.hadoop.mapreduce.TaskCounter;Combine output records;0;task_201407220146_0011_r_000000;;hdfs://localhost:8020/pdi_hadoop_metrics/metrics/job_201407220146_0011;hdfs://localhost:50030/logs/userlogs/job_201407220146_0011/TASK/stdout
junk;REDUCE_TASK;job_201407220146_0011;REDUCE_INPUT_GROUPS;1406025913423;org.apache.hadoop.mapreduce.TaskCounter;Reduce input groups;86;task_201407220146_0011_r_000000;;hdfs://localhost:8020/pdi_hadoop_metrics/metrics/job_201407220146_0011;hdfs://localhost:50030/logs/userlogs/job_201407220146_0011/TASK/stdout
junk;REDUCE_TASK;job_201407220146_0011;REDUCE_SHUFFLE_BYTES;1406025913423;org.apache.hadoop.mapreduce.TaskCounter;Reduce shuffle bytes;2985;task_201407220146_0011_r_000000;;hdfs://localhost:8020/pdi_hadoop_metrics/metrics/job_201407220146_0011;hdfs://localhost:50030/logs/userlogs/job_201407220146_0011/TASK/stdout
junk;REDUCE_TASK;job_201407220146_0011;REDUCE_INPUT_RECORDS;1406025913423;org.apache.hadoop.mapreduce.TaskCounter;Reduce input records;204;task_201407220146_0011_r_000000;;hdfs://localhost:8020/pdi_hadoop_metrics/metrics/job_201407220146_0011;hdfs://localhost:50030/logs/userlogs/job_201407220146_0011/TASK/stdout
junk;REDUCE_TASK;job_201407220146_0011;REDUCE_OUTPUT_RECORDS;1406025913423;org.apache.hadoop.mapreduce.TaskCounter;Reduce output records;86;task_201407220146_0011_r_000000;;hdfs://localhost:8020/pdi_hadoop_metrics/metrics/job_201407220146_0011;hdfs://localhost:50030/logs/userlogs/job_201407220146_0011/TASK/stdout
junk;REDUCE_TASK;job_201407220146_0011;SPILLED_RECORDS;1406025913423;org.apache.hadoop.mapreduce.TaskCounter;Spilled Records;204;task_201407220146_0011_r_000000;;hdfs://localhost:8020/pdi_hadoop_metrics/metrics/job_201407220146_0011;hdfs://localhost:50030/logs/userlogs/job_201407220146_0011/TASK/stdout
junk;REDUCE_TASK;job_201407220146_0011;CPU_MILLISECONDS;1406025913423;org.apache.hadoop.mapreduce.TaskCounter;CPU time spent (ms);14600;task_201407220146_0011_r_000000;;hdfs://localhost:8020/pdi_hadoop_metrics/metrics/job_201407220146_0011;hdfs://localhost:50030/logs/userlogs/job_201407220146_0011/TASK/stdout
junk;REDUCE_TASK;job_201407220146_0011;PHYSICAL_MEMORY_BYTES;1406025913423;org.apache.hadoop.mapreduce.TaskCounter;Physical memory (bytes) snapshot;212869120;task_201407220146_0011_r_000000;;hdfs://localhost:8020/pdi_hadoop_metrics/metrics/job_201407220146_0011;hdfs://localhost:50030/logs/userlogs/job_201407220146_0011/TASK/stdout
junk;REDUCE_TASK;job_201407220146_0011;VIRTUAL_MEMORY_BYTES;1406025913423;org.apache.hadoop.mapreduce.TaskCounter;Virtual memory (bytes) snapshot;1025245184;task_201407220146_0011_r_000000;;hdfs://localhost:8020/pdi_hadoop_metrics/metrics/job_201407220146_0011;hdfs://localhost:50030/logs/userlogs/job_201407220146_0011/TASK/stdout
junk;REDUCE_TASK;job_201407220146_0011;COMMITTED_HEAP_BYTES;1406025913423;org.apache.hadoop.mapreduce.TaskCounter;Total committed heap usage (bytes);80347136;task_201407220146_0011_r_000000;;hdfs://localhost:8020/pdi_hadoop_metrics/metrics/job_201407220146_0011;hdfs://localhost:50030/logs/userlogs/job_201407220146_0011/TASK/stdout
junk;REDUCE_TASK;job_201407220146_0011;;;;;;;Info:JobId=job_201407220146_0011;hdfs://localhost:8020/pdi_hadoop_metrics/metrics/job_201407220146_0011;hdfs://localhost:50030/logs/userlogs/job_201407220146_0011/TASK/stdout
junk;REDUCE_TASK;job_201407220146_0011;;;;;;;Info:TaskCurrentStatus=COMPLETE;hdfs://localhost:8020/pdi_hadoop_metrics/metrics/job_201407220146_0011;hdfs://localhost:50030/logs/userlogs/job_201407220146_0011/TASK/stdout
junk;REDUCE_TASK;job_201407220146_0011;;;;;;;Info:TaskFinishTime=1406025970357;hdfs://localhost:8020/pdi_hadoop_metrics/metrics/job_201407220146_0011;hdfs://localhost:50030/logs/userlogs/job_201407220146_0011/TASK/stdout
junk;REDUCE_TASK;job_201407220146_0011;;;;;;;Info:TaskId=task_201407220146_0011_r_000000;hdfs://localhost:8020/pdi_hadoop_metrics/metrics/job_201407220146_0011;hdfs://localhost:50030/logs/userlogs/job_201407220146_0011/TASK/stdout
junk;REDUCE_TASK;job_201407220146_0011;;;;;;;Info:TaskProgress=1.0;hdfs://localhost:8020/pdi_hadoop_metrics/metrics/job_201407220146_0011;hdfs://localhost:50030/logs/userlogs/job_201407220146_0011/TASK/stdout
junk;REDUCE_TASK;job_201407220146_0011;;;;;;;Info:TaskStartTime=1406025913423;hdfs://localhost:8020/pdi_hadoop_metrics/metrics/job_201407220146_0011;hdfs://localhost:50030/logs/userlogs/job_201407220146_0011/TASK/stdout
junk;REDUCE_TASK;job_201407220146_0011;;;;;;;Info:TaskState=reduce > reduce;hdfs://localhost:8020/pdi_hadoop_metrics/metrics/job_201407220146_0011;hdfs://localhost:50030/logs/userlogs/job_201407220146_0011/TASK/stdout
junk;REDUCE_TASK;job_201407220146_0011;FILE_BYTES_READ;1406025969447;org.apache.hadoop.mapreduce.FileSystemCounter;FILE: Number of bytes read;1666;task_201407220146_0011_r_000001;;hdfs://localhost:8020/pdi_hadoop_metrics/metrics/job_201407220146_0011;hdfs://localhost:50030/logs/userlogs/job_201407220146_0011/TASK/stdout
junk;REDUCE_TASK;job_201407220146_0011;FILE_BYTES_WRITTEN;1406025969447;org.apache.hadoop.mapreduce.FileSystemCounter;FILE: Number of bytes written;313741;task_201407220146_0011_r_000001;;hdfs://localhost:8020/pdi_hadoop_metrics/metrics/job_201407220146_0011;hdfs://localhost:50030/logs/userlogs/job_201407220146_0011/TASK/stdout
junk;REDUCE_TASK;job_201407220146_0011;FILE_READ_OPS;1406025969447;org.apache.hadoop.mapreduce.FileSystemCounter;FILE: Number of read operations;0;task_201407220146_0011_r_000001;;hdfs://localhost:8020/pdi_hadoop_metrics/metrics/job_201407220146_0011;hdfs://localhost:50030/logs/userlogs/job_201407220146_0011/TASK/stdout
junk;REDUCE_TASK;job_201407220146_0011;FILE_LARGE_READ_OPS;1406025969447;org.apache.hadoop.mapreduce.FileSystemCounter;FILE: Number of large read operations;0;task_201407220146_0011_r_000001;;hdfs://localhost:8020/pdi_hadoop_metrics/metrics/job_201407220146_0011;hdfs://localhost:50030/logs/userlogs/job_201407220146_0011/TASK/stdout
junk;REDUCE_TASK;job_201407220146_0011;FILE_WRITE_OPS;1406025969447;org.apache.hadoop.mapreduce.FileSystemCounter;FILE: Number of write operations;0;task_201407220146_0011_r_000001;;hdfs://localhost:8020/pdi_hadoop_metrics/metrics/job_201407220146_0011;hdfs://localhost:50030/logs/userlogs/job_201407220146_0011/TASK/stdout
junk;REDUCE_TASK;job_201407220146_0011;HDFS_BYTES_READ;1406025969447;org.apache.hadoop.mapreduce.FileSystemCounter;HDFS: Number of bytes read;0;task_201407220146_0011_r_000001;;hdfs://localhost:8020/pdi_hadoop_metrics/metrics/job_201407220146_0011;hdfs://localhost:50030/logs/userlogs/job_201407220146_0011/TASK/stdout
junk;REDUCE_TASK;job_201407220146_0011;HDFS_BYTES_WRITTEN;1406025969447;org.apache.hadoop.mapreduce.FileSystemCounter;HDFS: Number of bytes written;46170;task_201407220146_0011_r_000001;;hdfs://localhost:8020/pdi_hadoop_metrics/metrics/job_201407220146_0011;hdfs://localhost:50030/logs/userlogs/job_201407220146_0011/TASK/stdout
junk;REDUCE_TASK;job_201407220146_0011;HDFS_READ_OPS;1406025969447;org.apache.hadoop.mapreduce.FileSystemCounter;HDFS: Number of read operations;224;task_201407220146_0011_r_000001;;hdfs://localhost:8020/pdi_hadoop_metrics/metrics/job_201407220146_0011;hdfs://localhost:50030/logs/userlogs/job_201407220146_0011/TASK/stdout
junk;REDUCE_TASK;job_201407220146_0011;HDFS_LARGE_READ_OPS;1406025969447;org.apache.hadoop.mapreduce.FileSystemCounter;HDFS: Number of large read operations;0;task_201407220146_0011_r_000001;;hdfs://localhost:8020/pdi_hadoop_metrics/metrics/job_201407220146_0011;hdfs://localhost:50030/logs/userlogs/job_201407220146_0011/TASK/stdout
junk;REDUCE_TASK;job_201407220146_0011;HDFS_WRITE_OPS;1406025969447;org.apache.hadoop.mapreduce.FileSystemCounter;HDFS: Number of write operations;77;task_201407220146_0011_r_000001;;hdfs://localhost:8020/pdi_hadoop_metrics/metrics/job_201407220146_0011;hdfs://localhost:50030/logs/userlogs/job_201407220146_0011/TASK/stdout
junk;REDUCE_TASK;job_201407220146_0011;COMBINE_INPUT_RECORDS;1406025969447;org.apache.hadoop.mapreduce.TaskCounter;Combine input records;0;task_201407220146_0011_r_000001;;hdfs://localhost:8020/pdi_hadoop_metrics/metrics/job_201407220146_0011;hdfs://localhost:50030/logs/userlogs/job_201407220146_0011/TASK/stdout
junk;REDUCE_TASK;job_201407220146_0011;COMBINE_OUTPUT_RECORDS;1406025969447;org.apache.hadoop.mapreduce.TaskCounter;Combine output records;0;task_201407220146_0011_r_000001;;hdfs://localhost:8020/pdi_hadoop_metrics/metrics/job_201407220146_0011;hdfs://localhost:50030/logs/userlogs/job_201407220146_0011/TASK/stdout
junk;REDUCE_TASK;job_201407220146_0011;REDUCE_INPUT_GROUPS;1406025969447;org.apache.hadoop.mapreduce.TaskCounter;Reduce input groups;74;task_201407220146_0011_r_000001;;hdfs://localhost:8020/pdi_hadoop_metrics/metrics/job_201407220146_0011;hdfs://localhost:50030/logs/userlogs/job_201407220146_0011/TASK/stdout
junk;REDUCE_TASK;job_201407220146_0011;REDUCE_SHUFFLE_BYTES;1406025969447;org.apache.hadoop.mapreduce.TaskCounter;Reduce shuffle bytes;1672;task_201407220146_0011_r_000001;;hdfs://localhost:8020/pdi_hadoop_metrics/metrics/job_201407220146_0011;hdfs://localhost:50030/logs/userlogs/job_201407220146_0011/TASK/stdout
junk;REDUCE_TASK;job_201407220146_0011;REDUCE_INPUT_RECORDS;1406025969447;org.apache.hadoop.mapreduce.TaskCounter;Reduce input records;107;task_201407220146_0011_r_000001;;hdfs://localhost:8020/pdi_hadoop_metrics/metrics/job_201407220146_0011;hdfs://localhost:50030/logs/userlogs/job_201407220146_0011/TASK/stdout
junk;REDUCE_TASK;job_201407220146_0011;REDUCE_OUTPUT_RECORDS;1406025969447;org.apache.hadoop.mapreduce.TaskCounter;Reduce output records;74;task_201407220146_0011_r_000001;;hdfs://localhost:8020/pdi_hadoop_metrics/metrics/job_201407220146_0011;hdfs://localhost:50030/logs/userlogs/job_201407220146_0011/TASK/stdout
junk;REDUCE_TASK;job_201407220146_0011;SPILLED_RECORDS;1406025969447;org.apache.hadoop.mapreduce.TaskCounter;Spilled Records;107;task_201407220146_0011_r_000001;;hdfs://localhost:8020/pdi_hadoop_metrics/metrics/job_201407220146_0011;hdfs://localhost:50030/logs/userlogs/job_201407220146_0011/TASK/stdout
junk;REDUCE_TASK;job_201407220146_0011;CPU_MILLISECONDS;1406025969447;org.apache.hadoop.mapreduce.TaskCounter;CPU time spent (ms);14310;task_201407220146_0011_r_000001;;hdfs://localhost:8020/pdi_hadoop_metrics/metrics/job_201407220146_0011;hdfs://localhost:50030/logs/userlogs/job_201407220146_0011/TASK/stdout
junk;REDUCE_TASK;job_201407220146_0011;PHYSICAL_MEMORY_BYTES;1406025969447;org.apache.hadoop.mapreduce.TaskCounter;Physical memory (bytes) snapshot;214081536;task_201407220146_0011_r_000001;;hdfs://localhost:8020/pdi_hadoop_metrics/metrics/job_201407220146_0011;hdfs://localhost:50030/logs/userlogs/job_201407220146_0011/TASK/stdout
junk;REDUCE_TASK;job_201407220146_0011;VIRTUAL_MEMORY_BYTES;1406025969447;org.apache.hadoop.mapreduce.TaskCounter;Virtual memory (bytes) snapshot;1022504960;task_201407220146_0011_r_000001;;hdfs://localhost:8020/pdi_hadoop_metrics/metrics/job_201407220146_0011;hdfs://localhost:50030/logs/userlogs/job_201407220146_0011/TASK/stdout
junk;REDUCE_TASK;job_201407220146_0011;COMMITTED_HEAP_BYTES;1406025969447;org.apache.hadoop.mapreduce.TaskCounter;Total committed heap usage (bytes);93192192;task_201407220146_0011_r_000001;;hdfs://localhost:8020/pdi_hadoop_metrics/metrics/job_201407220146_0011;hdfs://localhost:50030/logs/userlogs/job_201407220146_0011/TASK/stdout
junk;REDUCE_TASK;job_201407220146_0011;;;;;;;Info:JobId=job_201407220146_0011;hdfs://localhost:8020/pdi_hadoop_metrics/metrics/job_201407220146_0011;hdfs://localhost:50030/logs/userlogs/job_201407220146_0011/TASK/stdout
junk;REDUCE_TASK;job_201407220146_0011;;;;;;;Info:TaskCurrentStatus=COMPLETE;hdfs://localhost:8020/pdi_hadoop_metrics/metrics/job_201407220146_0011;hdfs://localhost:50030/logs/userlogs/job_201407220146_0011/TASK/stdout
junk;REDUCE_TASK;job_201407220146_0011;;;;;;;Info:TaskFinishTime=1406026019707;hdfs://localhost:8020/pdi_hadoop_metrics/metrics/job_201407220146_0011;hdfs://localhost:50030/logs/userlogs/job_201407220146_0011/TASK/stdout
junk;REDUCE_TASK;job_201407220146_0011;;;;;;;Info:TaskId=task_201407220146_0011_r_000001;hdfs://localhost:8020/pdi_hadoop_metrics/metrics/job_201407220146_0011;hdfs://localhost:50030/logs/userlogs/job_201407220146_0011/TASK/stdout
junk;REDUCE_TASK;job_201407220146_0011;;;;;;;Info:TaskProgress=1.0;hdfs://localhost:8020/pdi_hadoop_metrics/metrics/job_201407220146_0011;hdfs://localhost:50030/logs/userlogs/job_201407220146_0011/TASK/stdout
junk;REDUCE_TASK;job_201407220146_0011;;;;;;;Info:TaskStartTime=1406025969447;hdfs://localhost:8020/pdi_hadoop_metrics/metrics/job_201407220146_0011;hdfs://localhost:50030/logs/userlogs/job_201407220146_0011/TASK/stdout
junk;REDUCE_TASK;job_201407220146_0011;;;;;;;Info:TaskState=reduce > reduce;hdfs://localhost:8020/pdi_hadoop_metrics/metrics/job_201407220146_0011;hdfs://localhost:50030/logs/userlogs/job_201407220146_0011/TASK/stdout
