dummy;counter_type;hadoop_job_id;counter_name;start_time;counter_group;counter_desc;counter_val;hadoop_task_id;general_info;hdfsPath;hadoopLogPath
junk;JOB_INFO;job_201407220146_0007;FILE_BYTES_READ;1406023548416;org.apache.hadoop.mapreduce.FileSystemCounter;FILE: Number of bytes read;4645;job_201407220146_0007;;hdfs://localhost:8020/pdi_hadoop_metrics/metrics/job_201407220146_0007;hdfs://localhost:50030/logs/userlogs/job_201407220146_0007/TASK/stdout
junk;JOB_INFO;job_201407220146_0007;FILE_BYTES_WRITTEN;1406023548416;org.apache.hadoop.mapreduce.FileSystemCounter;FILE: Number of bytes written;1218904;job_201407220146_0007;;hdfs://localhost:8020/pdi_hadoop_metrics/metrics/job_201407220146_0007;hdfs://localhost:50030/logs/userlogs/job_201407220146_0007/TASK/stdout
junk;JOB_INFO;job_201407220146_0007;FILE_READ_OPS;1406023548416;org.apache.hadoop.mapreduce.FileSystemCounter;FILE: Number of read operations;0;job_201407220146_0007;;hdfs://localhost:8020/pdi_hadoop_metrics/metrics/job_201407220146_0007;hdfs://localhost:50030/logs/userlogs/job_201407220146_0007/TASK/stdout
junk;JOB_INFO;job_201407220146_0007;FILE_LARGE_READ_OPS;1406023548416;org.apache.hadoop.mapreduce.FileSystemCounter;FILE: Number of large read operations;0;job_201407220146_0007;;hdfs://localhost:8020/pdi_hadoop_metrics/metrics/job_201407220146_0007;hdfs://localhost:50030/logs/userlogs/job_201407220146_0007/TASK/stdout
junk;JOB_INFO;job_201407220146_0007;FILE_WRITE_OPS;1406023548416;org.apache.hadoop.mapreduce.FileSystemCounter;FILE: Number of write operations;0;job_201407220146_0007;;hdfs://localhost:8020/pdi_hadoop_metrics/metrics/job_201407220146_0007;hdfs://localhost:50030/logs/userlogs/job_201407220146_0007/TASK/stdout
junk;JOB_INFO;job_201407220146_0007;HDFS_BYTES_READ;1406023548416;org.apache.hadoop.mapreduce.FileSystemCounter;HDFS: Number of bytes read;1804;job_201407220146_0007;;hdfs://localhost:8020/pdi_hadoop_metrics/metrics/job_201407220146_0007;hdfs://localhost:50030/logs/userlogs/job_201407220146_0007/TASK/stdout
junk;JOB_INFO;job_201407220146_0007;HDFS_BYTES_WRITTEN;1406023548416;org.apache.hadoop.mapreduce.FileSystemCounter;HDFS: Number of bytes written;102077;job_201407220146_0007;;hdfs://localhost:8020/pdi_hadoop_metrics/metrics/job_201407220146_0007;hdfs://localhost:50030/logs/userlogs/job_201407220146_0007/TASK/stdout
junk;JOB_INFO;job_201407220146_0007;HDFS_READ_OPS;1406023548416;org.apache.hadoop.mapreduce.FileSystemCounter;HDFS: Number of read operations;494;job_201407220146_0007;;hdfs://localhost:8020/pdi_hadoop_metrics/metrics/job_201407220146_0007;hdfs://localhost:50030/logs/userlogs/job_201407220146_0007/TASK/stdout
junk;JOB_INFO;job_201407220146_0007;HDFS_LARGE_READ_OPS;1406023548416;org.apache.hadoop.mapreduce.FileSystemCounter;HDFS: Number of large read operations;0;job_201407220146_0007;;hdfs://localhost:8020/pdi_hadoop_metrics/metrics/job_201407220146_0007;hdfs://localhost:50030/logs/userlogs/job_201407220146_0007/TASK/stdout
junk;JOB_INFO;job_201407220146_0007;HDFS_WRITE_OPS;1406023548416;org.apache.hadoop.mapreduce.FileSystemCounter;HDFS: Number of write operations;171;job_201407220146_0007;;hdfs://localhost:8020/pdi_hadoop_metrics/metrics/job_201407220146_0007;hdfs://localhost:50030/logs/userlogs/job_201407220146_0007/TASK/stdout
junk;JOB_INFO;job_201407220146_0007;TOTAL_LAUNCHED_MAPS;1406023548416;org.apache.hadoop.mapreduce.JobCounter;Launched map tasks;2;job_201407220146_0007;;hdfs://localhost:8020/pdi_hadoop_metrics/metrics/job_201407220146_0007;hdfs://localhost:50030/logs/userlogs/job_201407220146_0007/TASK/stdout
junk;JOB_INFO;job_201407220146_0007;TOTAL_LAUNCHED_REDUCES;1406023548416;org.apache.hadoop.mapreduce.JobCounter;Launched reduce tasks;2;job_201407220146_0007;;hdfs://localhost:8020/pdi_hadoop_metrics/metrics/job_201407220146_0007;hdfs://localhost:50030/logs/userlogs/job_201407220146_0007/TASK/stdout
junk;JOB_INFO;job_201407220146_0007;DATA_LOCAL_MAPS;1406023548416;org.apache.hadoop.mapreduce.JobCounter;Data-local map tasks;2;job_201407220146_0007;;hdfs://localhost:8020/pdi_hadoop_metrics/metrics/job_201407220146_0007;hdfs://localhost:50030/logs/userlogs/job_201407220146_0007/TASK/stdout
junk;JOB_INFO;job_201407220146_0007;SLOTS_MILLIS_MAPS;1406023548416;org.apache.hadoop.mapreduce.JobCounter;Total time spent by all maps in occupied slots (ms);37396;job_201407220146_0007;;hdfs://localhost:8020/pdi_hadoop_metrics/metrics/job_201407220146_0007;hdfs://localhost:50030/logs/userlogs/job_201407220146_0007/TASK/stdout
junk;JOB_INFO;job_201407220146_0007;SLOTS_MILLIS_REDUCES;1406023548416;org.apache.hadoop.mapreduce.JobCounter;Total time spent by all reduces in occupied slots (ms);112308;job_201407220146_0007;;hdfs://localhost:8020/pdi_hadoop_metrics/metrics/job_201407220146_0007;hdfs://localhost:50030/logs/userlogs/job_201407220146_0007/TASK/stdout
junk;JOB_INFO;job_201407220146_0007;FALLOW_SLOTS_MILLIS_MAPS;1406023548416;org.apache.hadoop.mapreduce.JobCounter;Total time spent by all maps waiting after reserving slots (ms);0;job_201407220146_0007;;hdfs://localhost:8020/pdi_hadoop_metrics/metrics/job_201407220146_0007;hdfs://localhost:50030/logs/userlogs/job_201407220146_0007/TASK/stdout
junk;JOB_INFO;job_201407220146_0007;FALLOW_SLOTS_MILLIS_REDUCES;1406023548416;org.apache.hadoop.mapreduce.JobCounter;Total time spent by all reduces waiting after reserving slots (ms);0;job_201407220146_0007;;hdfs://localhost:8020/pdi_hadoop_metrics/metrics/job_201407220146_0007;hdfs://localhost:50030/logs/userlogs/job_201407220146_0007/TASK/stdout
junk;JOB_INFO;job_201407220146_0007;MAP_INPUT_RECORDS;1406023548416;org.apache.hadoop.mapreduce.TaskCounter;Map input records;14;job_201407220146_0007;;hdfs://localhost:8020/pdi_hadoop_metrics/metrics/job_201407220146_0007;hdfs://localhost:50030/logs/userlogs/job_201407220146_0007/TASK/stdout
junk;JOB_INFO;job_201407220146_0007;MAP_OUTPUT_RECORDS;1406023548416;org.apache.hadoop.mapreduce.TaskCounter;Map output records;311;job_201407220146_0007;;hdfs://localhost:8020/pdi_hadoop_metrics/metrics/job_201407220146_0007;hdfs://localhost:50030/logs/userlogs/job_201407220146_0007/TASK/stdout
junk;JOB_INFO;job_201407220146_0007;MAP_OUTPUT_BYTES;1406023548416;org.apache.hadoop.mapreduce.TaskCounter;Map output bytes;4011;job_201407220146_0007;;hdfs://localhost:8020/pdi_hadoop_metrics/metrics/job_201407220146_0007;hdfs://localhost:50030/logs/userlogs/job_201407220146_0007/TASK/stdout
junk;JOB_INFO;job_201407220146_0007;SPLIT_RAW_BYTES;1406023548416;org.apache.hadoop.mapreduce.TaskCounter;Input split bytes;222;job_201407220146_0007;;hdfs://localhost:8020/pdi_hadoop_metrics/metrics/job_201407220146_0007;hdfs://localhost:50030/logs/userlogs/job_201407220146_0007/TASK/stdout
junk;JOB_INFO;job_201407220146_0007;COMBINE_INPUT_RECORDS;1406023548416;org.apache.hadoop.mapreduce.TaskCounter;Combine input records;0;job_201407220146_0007;;hdfs://localhost:8020/pdi_hadoop_metrics/metrics/job_201407220146_0007;hdfs://localhost:50030/logs/userlogs/job_201407220146_0007/TASK/stdout
junk;JOB_INFO;job_201407220146_0007;COMBINE_OUTPUT_RECORDS;1406023548416;org.apache.hadoop.mapreduce.TaskCounter;Combine output records;0;job_201407220146_0007;;hdfs://localhost:8020/pdi_hadoop_metrics/metrics/job_201407220146_0007;hdfs://localhost:50030/logs/userlogs/job_201407220146_0007/TASK/stdout
junk;JOB_INFO;job_201407220146_0007;REDUCE_INPUT_GROUPS;1406023548416;org.apache.hadoop.mapreduce.TaskCounter;Reduce input groups;160;job_201407220146_0007;;hdfs://localhost:8020/pdi_hadoop_metrics/metrics/job_201407220146_0007;hdfs://localhost:50030/logs/userlogs/job_201407220146_0007/TASK/stdout
junk;JOB_INFO;job_201407220146_0007;REDUCE_SHUFFLE_BYTES;1406023548416;org.apache.hadoop.mapreduce.TaskCounter;Reduce shuffle bytes;4657;job_201407220146_0007;;hdfs://localhost:8020/pdi_hadoop_metrics/metrics/job_201407220146_0007;hdfs://localhost:50030/logs/userlogs/job_201407220146_0007/TASK/stdout
junk;JOB_INFO;job_201407220146_0007;REDUCE_INPUT_RECORDS;1406023548416;org.apache.hadoop.mapreduce.TaskCounter;Reduce input records;311;job_201407220146_0007;;hdfs://localhost:8020/pdi_hadoop_metrics/metrics/job_201407220146_0007;hdfs://localhost:50030/logs/userlogs/job_201407220146_0007/TASK/stdout
junk;JOB_INFO;job_201407220146_0007;REDUCE_OUTPUT_RECORDS;1406023548416;org.apache.hadoop.mapreduce.TaskCounter;Reduce output records;160;job_201407220146_0007;;hdfs://localhost:8020/pdi_hadoop_metrics/metrics/job_201407220146_0007;hdfs://localhost:50030/logs/userlogs/job_201407220146_0007/TASK/stdout
junk;JOB_INFO;job_201407220146_0007;SPILLED_RECORDS;1406023548416;org.apache.hadoop.mapreduce.TaskCounter;Spilled Records;622;job_201407220146_0007;;hdfs://localhost:8020/pdi_hadoop_metrics/metrics/job_201407220146_0007;hdfs://localhost:50030/logs/userlogs/job_201407220146_0007/TASK/stdout
junk;JOB_INFO;job_201407220146_0007;CPU_MILLISECONDS;1406023548416;org.apache.hadoop.mapreduce.TaskCounter;CPU time spent (ms);43510;job_201407220146_0007;;hdfs://localhost:8020/pdi_hadoop_metrics/metrics/job_201407220146_0007;hdfs://localhost:50030/logs/userlogs/job_201407220146_0007/TASK/stdout
junk;JOB_INFO;job_201407220146_0007;PHYSICAL_MEMORY_BYTES;1406023548416;org.apache.hadoop.mapreduce.TaskCounter;Physical memory (bytes) snapshot;1063079936;job_201407220146_0007;;hdfs://localhost:8020/pdi_hadoop_metrics/metrics/job_201407220146_0007;hdfs://localhost:50030/logs/userlogs/job_201407220146_0007/TASK/stdout
junk;JOB_INFO;job_201407220146_0007;VIRTUAL_MEMORY_BYTES;1406023548416;org.apache.hadoop.mapreduce.TaskCounter;Virtual memory (bytes) snapshot;4090945536;job_201407220146_0007;;hdfs://localhost:8020/pdi_hadoop_metrics/metrics/job_201407220146_0007;hdfs://localhost:50030/logs/userlogs/job_201407220146_0007/TASK/stdout
junk;JOB_INFO;job_201407220146_0007;COMMITTED_HEAP_BYTES;1406023548416;org.apache.hadoop.mapreduce.TaskCounter;Total committed heap usage (bytes);591265792;job_201407220146_0007;;hdfs://localhost:8020/pdi_hadoop_metrics/metrics/job_201407220146_0007;hdfs://localhost:50030/logs/userlogs/job_201407220146_0007/TASK/stdout
junk;JOB_INFO;job_201407220146_0007;BYTES_READ;1406023548416;org.apache.hadoop.mapreduce.lib.input.FileInputFormatCounter;BYTES_READ;1582;job_201407220146_0007;;hdfs://localhost:8020/pdi_hadoop_metrics/metrics/job_201407220146_0007;hdfs://localhost:50030/logs/userlogs/job_201407220146_0007/TASK/stdout
junk;JOB_INFO;job_201407220146_0007;;;;;;;Info:JobId=job_201407220146_0007;hdfs://localhost:8020/pdi_hadoop_metrics/metrics/job_201407220146_0007;hdfs://localhost:50030/logs/userlogs/job_201407220146_0007/TASK/stdout
junk;JOB_INFO;job_201407220146_0007;;;;;;;Info:JobMapProgress=1.0;hdfs://localhost:8020/pdi_hadoop_metrics/metrics/job_201407220146_0007;hdfs://localhost:50030/logs/userlogs/job_201407220146_0007/TASK/stdout
junk;JOB_INFO;job_201407220146_0007;;;;;;;Info:JobName=DemoWordCount_1406023547001;hdfs://localhost:8020/pdi_hadoop_metrics/metrics/job_201407220146_0007;hdfs://localhost:50030/logs/userlogs/job_201407220146_0007/TASK/stdout
junk;JOB_INFO;job_201407220146_0007;;;;;;;Info:JobPriority=2;hdfs://localhost:8020/pdi_hadoop_metrics/metrics/job_201407220146_0007;hdfs://localhost:50030/logs/userlogs/job_201407220146_0007/TASK/stdout
junk;JOB_INFO;job_201407220146_0007;;;;;;;Info:JobPriorityDesc=NORMAL;hdfs://localhost:8020/pdi_hadoop_metrics/metrics/job_201407220146_0007;hdfs://localhost:50030/logs/userlogs/job_201407220146_0007/TASK/stdout
junk;JOB_INFO;job_201407220146_0007;;;;;;;Info:JobReduceProgress=1.0;hdfs://localhost:8020/pdi_hadoop_metrics/metrics/job_201407220146_0007;hdfs://localhost:50030/logs/userlogs/job_201407220146_0007/TASK/stdout
junk;JOB_INFO;job_201407220146_0007;;;;;;;Info:JobStartTime=1406023548416;hdfs://localhost:8020/pdi_hadoop_metrics/metrics/job_201407220146_0007;hdfs://localhost:50030/logs/userlogs/job_201407220146_0007/TASK/stdout
junk;JOB_INFO;job_201407220146_0007;;;;;;;Info:JobState=2;hdfs://localhost:8020/pdi_hadoop_metrics/metrics/job_201407220146_0007;hdfs://localhost:50030/logs/userlogs/job_201407220146_0007/TASK/stdout
junk;JOB_INFO;job_201407220146_0007;;;;;;;Info:JobStateDesc=SUCCEEDED;hdfs://localhost:8020/pdi_hadoop_metrics/metrics/job_201407220146_0007;hdfs://localhost:50030/logs/userlogs/job_201407220146_0007/TASK/stdout
junk;JOB_INFO;job_201407220146_0007;;;;;;;Info:JobUsername=zeus;hdfs://localhost:8020/pdi_hadoop_metrics/metrics/job_201407220146_0007;hdfs://localhost:50030/logs/userlogs/job_201407220146_0007/TASK/stdout
junk;MAP_TASK;job_201407220146_0007;FILE_BYTES_READ;1406023555230;org.apache.hadoop.mapreduce.FileSystemCounter;FILE: Number of bytes read;0;task_201407220146_0007_m_000000;;hdfs://localhost:8020/pdi_hadoop_metrics/metrics/job_201407220146_0007;hdfs://localhost:50030/logs/userlogs/job_201407220146_0007/TASK/stdout
junk;MAP_TASK;job_201407220146_0007;FILE_BYTES_WRITTEN;1406023555230;org.apache.hadoop.mapreduce.FileSystemCounter;FILE: Number of bytes written;305143;task_201407220146_0007_m_000000;;hdfs://localhost:8020/pdi_hadoop_metrics/metrics/job_201407220146_0007;hdfs://localhost:50030/logs/userlogs/job_201407220146_0007/TASK/stdout
junk;MAP_TASK;job_201407220146_0007;FILE_READ_OPS;1406023555230;org.apache.hadoop.mapreduce.FileSystemCounter;FILE: Number of read operations;0;task_201407220146_0007_m_000000;;hdfs://localhost:8020/pdi_hadoop_metrics/metrics/job_201407220146_0007;hdfs://localhost:50030/logs/userlogs/job_201407220146_0007/TASK/stdout
junk;MAP_TASK;job_201407220146_0007;FILE_LARGE_READ_OPS;1406023555230;org.apache.hadoop.mapreduce.FileSystemCounter;FILE: Number of large read operations;0;task_201407220146_0007_m_000000;;hdfs://localhost:8020/pdi_hadoop_metrics/metrics/job_201407220146_0007;hdfs://localhost:50030/logs/userlogs/job_201407220146_0007/TASK/stdout
junk;MAP_TASK;job_201407220146_0007;FILE_WRITE_OPS;1406023555230;org.apache.hadoop.mapreduce.FileSystemCounter;FILE: Number of write operations;0;task_201407220146_0007_m_000000;;hdfs://localhost:8020/pdi_hadoop_metrics/metrics/job_201407220146_0007;hdfs://localhost:50030/logs/userlogs/job_201407220146_0007/TASK/stdout
junk;MAP_TASK;job_201407220146_0007;HDFS_BYTES_READ;1406023555230;org.apache.hadoop.mapreduce.FileSystemCounter;HDFS: Number of bytes read;974;task_201407220146_0007_m_000000;;hdfs://localhost:8020/pdi_hadoop_metrics/metrics/job_201407220146_0007;hdfs://localhost:50030/logs/userlogs/job_201407220146_0007/TASK/stdout
junk;MAP_TASK;job_201407220146_0007;HDFS_BYTES_WRITTEN;1406023555230;org.apache.hadoop.mapreduce.FileSystemCounter;HDFS: Number of bytes written;1132;task_201407220146_0007_m_000000;;hdfs://localhost:8020/pdi_hadoop_metrics/metrics/job_201407220146_0007;hdfs://localhost:50030/logs/userlogs/job_201407220146_0007/TASK/stdout
junk;MAP_TASK;job_201407220146_0007;HDFS_READ_OPS;1406023555230;org.apache.hadoop.mapreduce.FileSystemCounter;HDFS: Number of read operations;5;task_201407220146_0007_m_000000;;hdfs://localhost:8020/pdi_hadoop_metrics/metrics/job_201407220146_0007;hdfs://localhost:50030/logs/userlogs/job_201407220146_0007/TASK/stdout
junk;MAP_TASK;job_201407220146_0007;HDFS_LARGE_READ_OPS;1406023555230;org.apache.hadoop.mapreduce.FileSystemCounter;HDFS: Number of large read operations;0;task_201407220146_0007_m_000000;;hdfs://localhost:8020/pdi_hadoop_metrics/metrics/job_201407220146_0007;hdfs://localhost:50030/logs/userlogs/job_201407220146_0007/TASK/stdout
junk;MAP_TASK;job_201407220146_0007;HDFS_WRITE_OPS;1406023555230;org.apache.hadoop.mapreduce.FileSystemCounter;HDFS: Number of write operations;2;task_201407220146_0007_m_000000;;hdfs://localhost:8020/pdi_hadoop_metrics/metrics/job_201407220146_0007;hdfs://localhost:50030/logs/userlogs/job_201407220146_0007/TASK/stdout
junk;MAP_TASK;job_201407220146_0007;MAP_INPUT_RECORDS;1406023555230;org.apache.hadoop.mapreduce.TaskCounter;Map input records;8;task_201407220146_0007_m_000000;;hdfs://localhost:8020/pdi_hadoop_metrics/metrics/job_201407220146_0007;hdfs://localhost:50030/logs/userlogs/job_201407220146_0007/TASK/stdout
junk;MAP_TASK;job_201407220146_0007;MAP_OUTPUT_RECORDS;1406023555230;org.apache.hadoop.mapreduce.TaskCounter;Map output records;173;task_201407220146_0007_m_000000;;hdfs://localhost:8020/pdi_hadoop_metrics/metrics/job_201407220146_0007;hdfs://localhost:50030/logs/userlogs/job_201407220146_0007/TASK/stdout
junk;MAP_TASK;job_201407220146_0007;MAP_OUTPUT_BYTES;1406023555230;org.apache.hadoop.mapreduce.TaskCounter;Map output bytes;2216;task_201407220146_0007_m_000000;;hdfs://localhost:8020/pdi_hadoop_metrics/metrics/job_201407220146_0007;hdfs://localhost:50030/logs/userlogs/job_201407220146_0007/TASK/stdout
junk;MAP_TASK;job_201407220146_0007;SPLIT_RAW_BYTES;1406023555230;org.apache.hadoop.mapreduce.TaskCounter;Input split bytes;111;task_201407220146_0007_m_000000;;hdfs://localhost:8020/pdi_hadoop_metrics/metrics/job_201407220146_0007;hdfs://localhost:50030/logs/userlogs/job_201407220146_0007/TASK/stdout
junk;MAP_TASK;job_201407220146_0007;COMBINE_INPUT_RECORDS;1406023555230;org.apache.hadoop.mapreduce.TaskCounter;Combine input records;0;task_201407220146_0007_m_000000;;hdfs://localhost:8020/pdi_hadoop_metrics/metrics/job_201407220146_0007;hdfs://localhost:50030/logs/userlogs/job_201407220146_0007/TASK/stdout
junk;MAP_TASK;job_201407220146_0007;COMBINE_OUTPUT_RECORDS;1406023555230;org.apache.hadoop.mapreduce.TaskCounter;Combine output records;0;task_201407220146_0007_m_000000;;hdfs://localhost:8020/pdi_hadoop_metrics/metrics/job_201407220146_0007;hdfs://localhost:50030/logs/userlogs/job_201407220146_0007/TASK/stdout
junk;MAP_TASK;job_201407220146_0007;SPILLED_RECORDS;1406023555230;org.apache.hadoop.mapreduce.TaskCounter;Spilled Records;173;task_201407220146_0007_m_000000;;hdfs://localhost:8020/pdi_hadoop_metrics/metrics/job_201407220146_0007;hdfs://localhost:50030/logs/userlogs/job_201407220146_0007/TASK/stdout
junk;MAP_TASK;job_201407220146_0007;CPU_MILLISECONDS;1406023555230;org.apache.hadoop.mapreduce.TaskCounter;CPU time spent (ms);8340;task_201407220146_0007_m_000000;;hdfs://localhost:8020/pdi_hadoop_metrics/metrics/job_201407220146_0007;hdfs://localhost:50030/logs/userlogs/job_201407220146_0007/TASK/stdout
junk;MAP_TASK;job_201407220146_0007;PHYSICAL_MEMORY_BYTES;1406023555230;org.apache.hadoop.mapreduce.TaskCounter;Physical memory (bytes) snapshot;310353920;task_201407220146_0007_m_000000;;hdfs://localhost:8020/pdi_hadoop_metrics/metrics/job_201407220146_0007;hdfs://localhost:50030/logs/userlogs/job_201407220146_0007/TASK/stdout
junk;MAP_TASK;job_201407220146_0007;VIRTUAL_MEMORY_BYTES;1406023555230;org.apache.hadoop.mapreduce.TaskCounter;Virtual memory (bytes) snapshot;1024241664;task_201407220146_0007_m_000000;;hdfs://localhost:8020/pdi_hadoop_metrics/metrics/job_201407220146_0007;hdfs://localhost:50030/logs/userlogs/job_201407220146_0007/TASK/stdout
junk;MAP_TASK;job_201407220146_0007;COMMITTED_HEAP_BYTES;1406023555230;org.apache.hadoop.mapreduce.TaskCounter;Total committed heap usage (bytes);200409088;task_201407220146_0007_m_000000;;hdfs://localhost:8020/pdi_hadoop_metrics/metrics/job_201407220146_0007;hdfs://localhost:50030/logs/userlogs/job_201407220146_0007/TASK/stdout
junk;MAP_TASK;job_201407220146_0007;BYTES_READ;1406023555230;org.apache.hadoop.mapreduce.lib.input.FileInputFormatCounter;BYTES_READ;863;task_201407220146_0007_m_000000;;hdfs://localhost:8020/pdi_hadoop_metrics/metrics/job_201407220146_0007;hdfs://localhost:50030/logs/userlogs/job_201407220146_0007/TASK/stdout
junk;MAP_TASK;job_201407220146_0007;;;;;;;Info:JobId=job_201407220146_0007;hdfs://localhost:8020/pdi_hadoop_metrics/metrics/job_201407220146_0007;hdfs://localhost:50030/logs/userlogs/job_201407220146_0007/TASK/stdout
junk;MAP_TASK;job_201407220146_0007;;;;;;;Info:TaskCurrentStatus=COMPLETE;hdfs://localhost:8020/pdi_hadoop_metrics/metrics/job_201407220146_0007;hdfs://localhost:50030/logs/userlogs/job_201407220146_0007/TASK/stdout
junk;MAP_TASK;job_201407220146_0007;;;;;;;Info:TaskFinishTime=1406023571000;hdfs://localhost:8020/pdi_hadoop_metrics/metrics/job_201407220146_0007;hdfs://localhost:50030/logs/userlogs/job_201407220146_0007/TASK/stdout
junk;MAP_TASK;job_201407220146_0007;;;;;;;Info:TaskId=task_201407220146_0007_m_000000;hdfs://localhost:8020/pdi_hadoop_metrics/metrics/job_201407220146_0007;hdfs://localhost:50030/logs/userlogs/job_201407220146_0007/TASK/stdout
junk;MAP_TASK;job_201407220146_0007;;;;;;;Info:TaskProgress=1.0;hdfs://localhost:8020/pdi_hadoop_metrics/metrics/job_201407220146_0007;hdfs://localhost:50030/logs/userlogs/job_201407220146_0007/TASK/stdout
junk;MAP_TASK;job_201407220146_0007;;;;;;;Info:TaskStartTime=1406023555230;hdfs://localhost:8020/pdi_hadoop_metrics/metrics/job_201407220146_0007;hdfs://localhost:50030/logs/userlogs/job_201407220146_0007/TASK/stdout
junk;MAP_TASK;job_201407220146_0007;;;;;;;Info:TaskState=Completed processing record;hdfs://localhost:8020/pdi_hadoop_metrics/metrics/job_201407220146_0007;hdfs://localhost:50030/logs/userlogs/job_201407220146_0007/TASK/stdout
junk;MAP_TASK;job_201407220146_0007;FILE_BYTES_READ;1406023555232;org.apache.hadoop.mapreduce.FileSystemCounter;FILE: Number of bytes read;0;task_201407220146_0007_m_000001;;hdfs://localhost:8020/pdi_hadoop_metrics/metrics/job_201407220146_0007;hdfs://localhost:50030/logs/userlogs/job_201407220146_0007/TASK/stdout
junk;MAP_TASK;job_201407220146_0007;FILE_BYTES_WRITTEN;1406023555232;org.apache.hadoop.mapreduce.FileSystemCounter;FILE: Number of bytes written;304652;task_201407220146_0007_m_000001;;hdfs://localhost:8020/pdi_hadoop_metrics/metrics/job_201407220146_0007;hdfs://localhost:50030/logs/userlogs/job_201407220146_0007/TASK/stdout
junk;MAP_TASK;job_201407220146_0007;FILE_READ_OPS;1406023555232;org.apache.hadoop.mapreduce.FileSystemCounter;FILE: Number of read operations;0;task_201407220146_0007_m_000001;;hdfs://localhost:8020/pdi_hadoop_metrics/metrics/job_201407220146_0007;hdfs://localhost:50030/logs/userlogs/job_201407220146_0007/TASK/stdout
junk;MAP_TASK;job_201407220146_0007;FILE_LARGE_READ_OPS;1406023555232;org.apache.hadoop.mapreduce.FileSystemCounter;FILE: Number of large read operations;0;task_201407220146_0007_m_000001;;hdfs://localhost:8020/pdi_hadoop_metrics/metrics/job_201407220146_0007;hdfs://localhost:50030/logs/userlogs/job_201407220146_0007/TASK/stdout
junk;MAP_TASK;job_201407220146_0007;FILE_WRITE_OPS;1406023555232;org.apache.hadoop.mapreduce.FileSystemCounter;FILE: Number of write operations;0;task_201407220146_0007_m_000001;;hdfs://localhost:8020/pdi_hadoop_metrics/metrics/job_201407220146_0007;hdfs://localhost:50030/logs/userlogs/job_201407220146_0007/TASK/stdout
junk;MAP_TASK;job_201407220146_0007;HDFS_BYTES_READ;1406023555232;org.apache.hadoop.mapreduce.FileSystemCounter;HDFS: Number of bytes read;830;task_201407220146_0007_m_000001;;hdfs://localhost:8020/pdi_hadoop_metrics/metrics/job_201407220146_0007;hdfs://localhost:50030/logs/userlogs/job_201407220146_0007/TASK/stdout
junk;MAP_TASK;job_201407220146_0007;HDFS_BYTES_WRITTEN;1406023555232;org.apache.hadoop.mapreduce.FileSystemCounter;HDFS: Number of bytes written;1132;task_201407220146_0007_m_000001;;hdfs://localhost:8020/pdi_hadoop_metrics/metrics/job_201407220146_0007;hdfs://localhost:50030/logs/userlogs/job_201407220146_0007/TASK/stdout
junk;MAP_TASK;job_201407220146_0007;HDFS_READ_OPS;1406023555232;org.apache.hadoop.mapreduce.FileSystemCounter;HDFS: Number of read operations;6;task_201407220146_0007_m_000001;;hdfs://localhost:8020/pdi_hadoop_metrics/metrics/job_201407220146_0007;hdfs://localhost:50030/logs/userlogs/job_201407220146_0007/TASK/stdout
junk;MAP_TASK;job_201407220146_0007;HDFS_LARGE_READ_OPS;1406023555232;org.apache.hadoop.mapreduce.FileSystemCounter;HDFS: Number of large read operations;0;task_201407220146_0007_m_000001;;hdfs://localhost:8020/pdi_hadoop_metrics/metrics/job_201407220146_0007;hdfs://localhost:50030/logs/userlogs/job_201407220146_0007/TASK/stdout
junk;MAP_TASK;job_201407220146_0007;HDFS_WRITE_OPS;1406023555232;org.apache.hadoop.mapreduce.FileSystemCounter;HDFS: Number of write operations;3;task_201407220146_0007_m_000001;;hdfs://localhost:8020/pdi_hadoop_metrics/metrics/job_201407220146_0007;hdfs://localhost:50030/logs/userlogs/job_201407220146_0007/TASK/stdout
junk;MAP_TASK;job_201407220146_0007;MAP_INPUT_RECORDS;1406023555232;org.apache.hadoop.mapreduce.TaskCounter;Map input records;6;task_201407220146_0007_m_000001;;hdfs://localhost:8020/pdi_hadoop_metrics/metrics/job_201407220146_0007;hdfs://localhost:50030/logs/userlogs/job_201407220146_0007/TASK/stdout
junk;MAP_TASK;job_201407220146_0007;MAP_OUTPUT_RECORDS;1406023555232;org.apache.hadoop.mapreduce.TaskCounter;Map output records;138;task_201407220146_0007_m_000001;;hdfs://localhost:8020/pdi_hadoop_metrics/metrics/job_201407220146_0007;hdfs://localhost:50030/logs/userlogs/job_201407220146_0007/TASK/stdout
junk;MAP_TASK;job_201407220146_0007;MAP_OUTPUT_BYTES;1406023555232;org.apache.hadoop.mapreduce.TaskCounter;Map output bytes;1795;task_201407220146_0007_m_000001;;hdfs://localhost:8020/pdi_hadoop_metrics/metrics/job_201407220146_0007;hdfs://localhost:50030/logs/userlogs/job_201407220146_0007/TASK/stdout
junk;MAP_TASK;job_201407220146_0007;SPLIT_RAW_BYTES;1406023555232;org.apache.hadoop.mapreduce.TaskCounter;Input split bytes;111;task_201407220146_0007_m_000001;;hdfs://localhost:8020/pdi_hadoop_metrics/metrics/job_201407220146_0007;hdfs://localhost:50030/logs/userlogs/job_201407220146_0007/TASK/stdout
junk;MAP_TASK;job_201407220146_0007;COMBINE_INPUT_RECORDS;1406023555232;org.apache.hadoop.mapreduce.TaskCounter;Combine input records;0;task_201407220146_0007_m_000001;;hdfs://localhost:8020/pdi_hadoop_metrics/metrics/job_201407220146_0007;hdfs://localhost:50030/logs/userlogs/job_201407220146_0007/TASK/stdout
junk;MAP_TASK;job_201407220146_0007;COMBINE_OUTPUT_RECORDS;1406023555232;org.apache.hadoop.mapreduce.TaskCounter;Combine output records;0;task_201407220146_0007_m_000001;;hdfs://localhost:8020/pdi_hadoop_metrics/metrics/job_201407220146_0007;hdfs://localhost:50030/logs/userlogs/job_201407220146_0007/TASK/stdout
junk;MAP_TASK;job_201407220146_0007;SPILLED_RECORDS;1406023555232;org.apache.hadoop.mapreduce.TaskCounter;Spilled Records;138;task_201407220146_0007_m_000001;;hdfs://localhost:8020/pdi_hadoop_metrics/metrics/job_201407220146_0007;hdfs://localhost:50030/logs/userlogs/job_201407220146_0007/TASK/stdout
junk;MAP_TASK;job_201407220146_0007;CPU_MILLISECONDS;1406023555232;org.apache.hadoop.mapreduce.TaskCounter;CPU time spent (ms);8260;task_201407220146_0007_m_000001;;hdfs://localhost:8020/pdi_hadoop_metrics/metrics/job_201407220146_0007;hdfs://localhost:50030/logs/userlogs/job_201407220146_0007/TASK/stdout
junk;MAP_TASK;job_201407220146_0007;PHYSICAL_MEMORY_BYTES;1406023555232;org.apache.hadoop.mapreduce.TaskCounter;Physical memory (bytes) snapshot;298053632;task_201407220146_0007_m_000001;;hdfs://localhost:8020/pdi_hadoop_metrics/metrics/job_201407220146_0007;hdfs://localhost:50030/logs/userlogs/job_201407220146_0007/TASK/stdout
junk;MAP_TASK;job_201407220146_0007;VIRTUAL_MEMORY_BYTES;1406023555232;org.apache.hadoop.mapreduce.TaskCounter;Virtual memory (bytes) snapshot;1020829696;task_201407220146_0007_m_000001;;hdfs://localhost:8020/pdi_hadoop_metrics/metrics/job_201407220146_0007;hdfs://localhost:50030/logs/userlogs/job_201407220146_0007/TASK/stdout
junk;MAP_TASK;job_201407220146_0007;COMMITTED_HEAP_BYTES;1406023555232;org.apache.hadoop.mapreduce.TaskCounter;Total committed heap usage (bytes);199163904;task_201407220146_0007_m_000001;;hdfs://localhost:8020/pdi_hadoop_metrics/metrics/job_201407220146_0007;hdfs://localhost:50030/logs/userlogs/job_201407220146_0007/TASK/stdout
junk;MAP_TASK;job_201407220146_0007;BYTES_READ;1406023555232;org.apache.hadoop.mapreduce.lib.input.FileInputFormatCounter;BYTES_READ;719;task_201407220146_0007_m_000001;;hdfs://localhost:8020/pdi_hadoop_metrics/metrics/job_201407220146_0007;hdfs://localhost:50030/logs/userlogs/job_201407220146_0007/TASK/stdout
junk;MAP_TASK;job_201407220146_0007;;;;;;;Info:JobId=job_201407220146_0007;hdfs://localhost:8020/pdi_hadoop_metrics/metrics/job_201407220146_0007;hdfs://localhost:50030/logs/userlogs/job_201407220146_0007/TASK/stdout
junk;MAP_TASK;job_201407220146_0007;;;;;;;Info:TaskCurrentStatus=COMPLETE;hdfs://localhost:8020/pdi_hadoop_metrics/metrics/job_201407220146_0007;hdfs://localhost:50030/logs/userlogs/job_201407220146_0007/TASK/stdout
junk;MAP_TASK;job_201407220146_0007;;;;;;;Info:TaskFinishTime=1406023571019;hdfs://localhost:8020/pdi_hadoop_metrics/metrics/job_201407220146_0007;hdfs://localhost:50030/logs/userlogs/job_201407220146_0007/TASK/stdout
junk;MAP_TASK;job_201407220146_0007;;;;;;;Info:TaskId=task_201407220146_0007_m_000001;hdfs://localhost:8020/pdi_hadoop_metrics/metrics/job_201407220146_0007;hdfs://localhost:50030/logs/userlogs/job_201407220146_0007/TASK/stdout
junk;MAP_TASK;job_201407220146_0007;;;;;;;Info:TaskProgress=1.0;hdfs://localhost:8020/pdi_hadoop_metrics/metrics/job_201407220146_0007;hdfs://localhost:50030/logs/userlogs/job_201407220146_0007/TASK/stdout
junk;MAP_TASK;job_201407220146_0007;;;;;;;Info:TaskStartTime=1406023555232;hdfs://localhost:8020/pdi_hadoop_metrics/metrics/job_201407220146_0007;hdfs://localhost:50030/logs/userlogs/job_201407220146_0007/TASK/stdout
junk;MAP_TASK;job_201407220146_0007;;;;;;;Info:TaskState=Completed processing record;hdfs://localhost:8020/pdi_hadoop_metrics/metrics/job_201407220146_0007;hdfs://localhost:50030/logs/userlogs/job_201407220146_0007/TASK/stdout
junk;REDUCE_TASK;job_201407220146_0007;FILE_BYTES_READ;1406023572834;org.apache.hadoop.mapreduce.FileSystemCounter;FILE: Number of bytes read;2979;task_201407220146_0007_r_000000;;hdfs://localhost:8020/pdi_hadoop_metrics/metrics/job_201407220146_0007;hdfs://localhost:50030/logs/userlogs/job_201407220146_0007/TASK/stdout
junk;REDUCE_TASK;job_201407220146_0007;FILE_BYTES_WRITTEN;1406023572834;org.apache.hadoop.mapreduce.FileSystemCounter;FILE: Number of bytes written;305211;task_201407220146_0007_r_000000;;hdfs://localhost:8020/pdi_hadoop_metrics/metrics/job_201407220146_0007;hdfs://localhost:50030/logs/userlogs/job_201407220146_0007/TASK/stdout
junk;REDUCE_TASK;job_201407220146_0007;FILE_READ_OPS;1406023572834;org.apache.hadoop.mapreduce.FileSystemCounter;FILE: Number of read operations;0;task_201407220146_0007_r_000000;;hdfs://localhost:8020/pdi_hadoop_metrics/metrics/job_201407220146_0007;hdfs://localhost:50030/logs/userlogs/job_201407220146_0007/TASK/stdout
junk;REDUCE_TASK;job_201407220146_0007;FILE_LARGE_READ_OPS;1406023572834;org.apache.hadoop.mapreduce.FileSystemCounter;FILE: Number of large read operations;0;task_201407220146_0007_r_000000;;hdfs://localhost:8020/pdi_hadoop_metrics/metrics/job_201407220146_0007;hdfs://localhost:50030/logs/userlogs/job_201407220146_0007/TASK/stdout
junk;REDUCE_TASK;job_201407220146_0007;FILE_WRITE_OPS;1406023572834;org.apache.hadoop.mapreduce.FileSystemCounter;FILE: Number of write operations;0;task_201407220146_0007_r_000000;;hdfs://localhost:8020/pdi_hadoop_metrics/metrics/job_201407220146_0007;hdfs://localhost:50030/logs/userlogs/job_201407220146_0007/TASK/stdout
junk;REDUCE_TASK;job_201407220146_0007;HDFS_BYTES_READ;1406023572834;org.apache.hadoop.mapreduce.FileSystemCounter;HDFS: Number of bytes read;0;task_201407220146_0007_r_000000;;hdfs://localhost:8020/pdi_hadoop_metrics/metrics/job_201407220146_0007;hdfs://localhost:50030/logs/userlogs/job_201407220146_0007/TASK/stdout
junk;REDUCE_TASK;job_201407220146_0007;HDFS_BYTES_WRITTEN;1406023572834;org.apache.hadoop.mapreduce.FileSystemCounter;HDFS: Number of bytes written;53643;task_201407220146_0007_r_000000;;hdfs://localhost:8020/pdi_hadoop_metrics/metrics/job_201407220146_0007;hdfs://localhost:50030/logs/userlogs/job_201407220146_0007/TASK/stdout
junk;REDUCE_TASK;job_201407220146_0007;HDFS_READ_OPS;1406023572834;org.apache.hadoop.mapreduce.FileSystemCounter;HDFS: Number of read operations;260;task_201407220146_0007_r_000000;;hdfs://localhost:8020/pdi_hadoop_metrics/metrics/job_201407220146_0007;hdfs://localhost:50030/logs/userlogs/job_201407220146_0007/TASK/stdout
junk;REDUCE_TASK;job_201407220146_0007;HDFS_LARGE_READ_OPS;1406023572834;org.apache.hadoop.mapreduce.FileSystemCounter;HDFS: Number of large read operations;0;task_201407220146_0007_r_000000;;hdfs://localhost:8020/pdi_hadoop_metrics/metrics/job_201407220146_0007;hdfs://localhost:50030/logs/userlogs/job_201407220146_0007/TASK/stdout
junk;REDUCE_TASK;job_201407220146_0007;HDFS_WRITE_OPS;1406023572834;org.apache.hadoop.mapreduce.FileSystemCounter;HDFS: Number of write operations;89;task_201407220146_0007_r_000000;;hdfs://localhost:8020/pdi_hadoop_metrics/metrics/job_201407220146_0007;hdfs://localhost:50030/logs/userlogs/job_201407220146_0007/TASK/stdout
junk;REDUCE_TASK;job_201407220146_0007;COMBINE_INPUT_RECORDS;1406023572834;org.apache.hadoop.mapreduce.TaskCounter;Combine input records;0;task_201407220146_0007_r_000000;;hdfs://localhost:8020/pdi_hadoop_metrics/metrics/job_201407220146_0007;hdfs://localhost:50030/logs/userlogs/job_201407220146_0007/TASK/stdout
junk;REDUCE_TASK;job_201407220146_0007;COMBINE_OUTPUT_RECORDS;1406023572834;org.apache.hadoop.mapreduce.TaskCounter;Combine output records;0;task_201407220146_0007_r_000000;;hdfs://localhost:8020/pdi_hadoop_metrics/metrics/job_201407220146_0007;hdfs://localhost:50030/logs/userlogs/job_201407220146_0007/TASK/stdout
junk;REDUCE_TASK;job_201407220146_0007;REDUCE_INPUT_GROUPS;1406023572834;org.apache.hadoop.mapreduce.TaskCounter;Reduce input groups;86;task_201407220146_0007_r_000000;;hdfs://localhost:8020/pdi_hadoop_metrics/metrics/job_201407220146_0007;hdfs://localhost:50030/logs/userlogs/job_201407220146_0007/TASK/stdout
junk;REDUCE_TASK;job_201407220146_0007;REDUCE_SHUFFLE_BYTES;1406023572834;org.apache.hadoop.mapreduce.TaskCounter;Reduce shuffle bytes;2985;task_201407220146_0007_r_000000;;hdfs://localhost:8020/pdi_hadoop_metrics/metrics/job_201407220146_0007;hdfs://localhost:50030/logs/userlogs/job_201407220146_0007/TASK/stdout
junk;REDUCE_TASK;job_201407220146_0007;REDUCE_INPUT_RECORDS;1406023572834;org.apache.hadoop.mapreduce.TaskCounter;Reduce input records;204;task_201407220146_0007_r_000000;;hdfs://localhost:8020/pdi_hadoop_metrics/metrics/job_201407220146_0007;hdfs://localhost:50030/logs/userlogs/job_201407220146_0007/TASK/stdout
junk;REDUCE_TASK;job_201407220146_0007;REDUCE_OUTPUT_RECORDS;1406023572834;org.apache.hadoop.mapreduce.TaskCounter;Reduce output records;86;task_201407220146_0007_r_000000;;hdfs://localhost:8020/pdi_hadoop_metrics/metrics/job_201407220146_0007;hdfs://localhost:50030/logs/userlogs/job_201407220146_0007/TASK/stdout
junk;REDUCE_TASK;job_201407220146_0007;SPILLED_RECORDS;1406023572834;org.apache.hadoop.mapreduce.TaskCounter;Spilled Records;204;task_201407220146_0007_r_000000;;hdfs://localhost:8020/pdi_hadoop_metrics/metrics/job_201407220146_0007;hdfs://localhost:50030/logs/userlogs/job_201407220146_0007/TASK/stdout
junk;REDUCE_TASK;job_201407220146_0007;CPU_MILLISECONDS;1406023572834;org.apache.hadoop.mapreduce.TaskCounter;CPU time spent (ms);14040;task_201407220146_0007_r_000000;;hdfs://localhost:8020/pdi_hadoop_metrics/metrics/job_201407220146_0007;hdfs://localhost:50030/logs/userlogs/job_201407220146_0007/TASK/stdout
junk;REDUCE_TASK;job_201407220146_0007;PHYSICAL_MEMORY_BYTES;1406023572834;org.apache.hadoop.mapreduce.TaskCounter;Physical memory (bytes) snapshot;224628736;task_201407220146_0007_r_000000;;hdfs://localhost:8020/pdi_hadoop_metrics/metrics/job_201407220146_0007;hdfs://localhost:50030/logs/userlogs/job_201407220146_0007/TASK/stdout
junk;REDUCE_TASK;job_201407220146_0007;VIRTUAL_MEMORY_BYTES;1406023572834;org.apache.hadoop.mapreduce.TaskCounter;Virtual memory (bytes) snapshot;1027428352;task_201407220146_0007_r_000000;;hdfs://localhost:8020/pdi_hadoop_metrics/metrics/job_201407220146_0007;hdfs://localhost:50030/logs/userlogs/job_201407220146_0007/TASK/stdout
junk;REDUCE_TASK;job_201407220146_0007;COMMITTED_HEAP_BYTES;1406023572834;org.apache.hadoop.mapreduce.TaskCounter;Total committed heap usage (bytes);94765056;task_201407220146_0007_r_000000;;hdfs://localhost:8020/pdi_hadoop_metrics/metrics/job_201407220146_0007;hdfs://localhost:50030/logs/userlogs/job_201407220146_0007/TASK/stdout
junk;REDUCE_TASK;job_201407220146_0007;;;;;;;Info:JobId=job_201407220146_0007;hdfs://localhost:8020/pdi_hadoop_metrics/metrics/job_201407220146_0007;hdfs://localhost:50030/logs/userlogs/job_201407220146_0007/TASK/stdout
junk;REDUCE_TASK;job_201407220146_0007;;;;;;;Info:TaskCurrentStatus=COMPLETE;hdfs://localhost:8020/pdi_hadoop_metrics/metrics/job_201407220146_0007;hdfs://localhost:50030/logs/userlogs/job_201407220146_0007/TASK/stdout
junk;REDUCE_TASK;job_201407220146_0007;;;;;;;Info:TaskFinishTime=1406023637320;hdfs://localhost:8020/pdi_hadoop_metrics/metrics/job_201407220146_0007;hdfs://localhost:50030/logs/userlogs/job_201407220146_0007/TASK/stdout
junk;REDUCE_TASK;job_201407220146_0007;;;;;;;Info:TaskId=task_201407220146_0007_r_000000;hdfs://localhost:8020/pdi_hadoop_metrics/metrics/job_201407220146_0007;hdfs://localhost:50030/logs/userlogs/job_201407220146_0007/TASK/stdout
junk;REDUCE_TASK;job_201407220146_0007;;;;;;;Info:TaskProgress=1.0;hdfs://localhost:8020/pdi_hadoop_metrics/metrics/job_201407220146_0007;hdfs://localhost:50030/logs/userlogs/job_201407220146_0007/TASK/stdout
junk;REDUCE_TASK;job_201407220146_0007;;;;;;;Info:TaskStartTime=1406023572834;hdfs://localhost:8020/pdi_hadoop_metrics/metrics/job_201407220146_0007;hdfs://localhost:50030/logs/userlogs/job_201407220146_0007/TASK/stdout
junk;REDUCE_TASK;job_201407220146_0007;;;;;;;Info:TaskState=reduce > reduce;hdfs://localhost:8020/pdi_hadoop_metrics/metrics/job_201407220146_0007;hdfs://localhost:50030/logs/userlogs/job_201407220146_0007/TASK/stdout
junk;REDUCE_TASK;job_201407220146_0007;FILE_BYTES_READ;1406023636405;org.apache.hadoop.mapreduce.FileSystemCounter;FILE: Number of bytes read;1666;task_201407220146_0007_r_000001;;hdfs://localhost:8020/pdi_hadoop_metrics/metrics/job_201407220146_0007;hdfs://localhost:50030/logs/userlogs/job_201407220146_0007/TASK/stdout
junk;REDUCE_TASK;job_201407220146_0007;FILE_BYTES_WRITTEN;1406023636405;org.apache.hadoop.mapreduce.FileSystemCounter;FILE: Number of bytes written;303898;task_201407220146_0007_r_000001;;hdfs://localhost:8020/pdi_hadoop_metrics/metrics/job_201407220146_0007;hdfs://localhost:50030/logs/userlogs/job_201407220146_0007/TASK/stdout
junk;REDUCE_TASK;job_201407220146_0007;FILE_READ_OPS;1406023636405;org.apache.hadoop.mapreduce.FileSystemCounter;FILE: Number of read operations;0;task_201407220146_0007_r_000001;;hdfs://localhost:8020/pdi_hadoop_metrics/metrics/job_201407220146_0007;hdfs://localhost:50030/logs/userlogs/job_201407220146_0007/TASK/stdout
junk;REDUCE_TASK;job_201407220146_0007;FILE_LARGE_READ_OPS;1406023636405;org.apache.hadoop.mapreduce.FileSystemCounter;FILE: Number of large read operations;0;task_201407220146_0007_r_000001;;hdfs://localhost:8020/pdi_hadoop_metrics/metrics/job_201407220146_0007;hdfs://localhost:50030/logs/userlogs/job_201407220146_0007/TASK/stdout
junk;REDUCE_TASK;job_201407220146_0007;FILE_WRITE_OPS;1406023636405;org.apache.hadoop.mapreduce.FileSystemCounter;FILE: Number of write operations;0;task_201407220146_0007_r_000001;;hdfs://localhost:8020/pdi_hadoop_metrics/metrics/job_201407220146_0007;hdfs://localhost:50030/logs/userlogs/job_201407220146_0007/TASK/stdout
junk;REDUCE_TASK;job_201407220146_0007;HDFS_BYTES_READ;1406023636405;org.apache.hadoop.mapreduce.FileSystemCounter;HDFS: Number of bytes read;0;task_201407220146_0007_r_000001;;hdfs://localhost:8020/pdi_hadoop_metrics/metrics/job_201407220146_0007;hdfs://localhost:50030/logs/userlogs/job_201407220146_0007/TASK/stdout
junk;REDUCE_TASK;job_201407220146_0007;HDFS_BYTES_WRITTEN;1406023636405;org.apache.hadoop.mapreduce.FileSystemCounter;HDFS: Number of bytes written;46170;task_201407220146_0007_r_000001;;hdfs://localhost:8020/pdi_hadoop_metrics/metrics/job_201407220146_0007;hdfs://localhost:50030/logs/userlogs/job_201407220146_0007/TASK/stdout
junk;REDUCE_TASK;job_201407220146_0007;HDFS_READ_OPS;1406023636405;org.apache.hadoop.mapreduce.FileSystemCounter;HDFS: Number of read operations;223;task_201407220146_0007_r_000001;;hdfs://localhost:8020/pdi_hadoop_metrics/metrics/job_201407220146_0007;hdfs://localhost:50030/logs/userlogs/job_201407220146_0007/TASK/stdout
junk;REDUCE_TASK;job_201407220146_0007;HDFS_LARGE_READ_OPS;1406023636405;org.apache.hadoop.mapreduce.FileSystemCounter;HDFS: Number of large read operations;0;task_201407220146_0007_r_000001;;hdfs://localhost:8020/pdi_hadoop_metrics/metrics/job_201407220146_0007;hdfs://localhost:50030/logs/userlogs/job_201407220146_0007/TASK/stdout
junk;REDUCE_TASK;job_201407220146_0007;HDFS_WRITE_OPS;1406023636405;org.apache.hadoop.mapreduce.FileSystemCounter;HDFS: Number of write operations;77;task_201407220146_0007_r_000001;;hdfs://localhost:8020/pdi_hadoop_metrics/metrics/job_201407220146_0007;hdfs://localhost:50030/logs/userlogs/job_201407220146_0007/TASK/stdout
junk;REDUCE_TASK;job_201407220146_0007;COMBINE_INPUT_RECORDS;1406023636405;org.apache.hadoop.mapreduce.TaskCounter;Combine input records;0;task_201407220146_0007_r_000001;;hdfs://localhost:8020/pdi_hadoop_metrics/metrics/job_201407220146_0007;hdfs://localhost:50030/logs/userlogs/job_201407220146_0007/TASK/stdout
junk;REDUCE_TASK;job_201407220146_0007;COMBINE_OUTPUT_RECORDS;1406023636405;org.apache.hadoop.mapreduce.TaskCounter;Combine output records;0;task_201407220146_0007_r_000001;;hdfs://localhost:8020/pdi_hadoop_metrics/metrics/job_201407220146_0007;hdfs://localhost:50030/logs/userlogs/job_201407220146_0007/TASK/stdout
junk;REDUCE_TASK;job_201407220146_0007;REDUCE_INPUT_GROUPS;1406023636405;org.apache.hadoop.mapreduce.TaskCounter;Reduce input groups;74;task_201407220146_0007_r_000001;;hdfs://localhost:8020/pdi_hadoop_metrics/metrics/job_201407220146_0007;hdfs://localhost:50030/logs/userlogs/job_201407220146_0007/TASK/stdout
junk;REDUCE_TASK;job_201407220146_0007;REDUCE_SHUFFLE_BYTES;1406023636405;org.apache.hadoop.mapreduce.TaskCounter;Reduce shuffle bytes;1672;task_201407220146_0007_r_000001;;hdfs://localhost:8020/pdi_hadoop_metrics/metrics/job_201407220146_0007;hdfs://localhost:50030/logs/userlogs/job_201407220146_0007/TASK/stdout
junk;REDUCE_TASK;job_201407220146_0007;REDUCE_INPUT_RECORDS;1406023636405;org.apache.hadoop.mapreduce.TaskCounter;Reduce input records;107;task_201407220146_0007_r_000001;;hdfs://localhost:8020/pdi_hadoop_metrics/metrics/job_201407220146_0007;hdfs://localhost:50030/logs/userlogs/job_201407220146_0007/TASK/stdout
junk;REDUCE_TASK;job_201407220146_0007;REDUCE_OUTPUT_RECORDS;1406023636405;org.apache.hadoop.mapreduce.TaskCounter;Reduce output records;74;task_201407220146_0007_r_000001;;hdfs://localhost:8020/pdi_hadoop_metrics/metrics/job_201407220146_0007;hdfs://localhost:50030/logs/userlogs/job_201407220146_0007/TASK/stdout
junk;REDUCE_TASK;job_201407220146_0007;SPILLED_RECORDS;1406023636405;org.apache.hadoop.mapreduce.TaskCounter;Spilled Records;107;task_201407220146_0007_r_000001;;hdfs://localhost:8020/pdi_hadoop_metrics/metrics/job_201407220146_0007;hdfs://localhost:50030/logs/userlogs/job_201407220146_0007/TASK/stdout
junk;REDUCE_TASK;job_201407220146_0007;CPU_MILLISECONDS;1406023636405;org.apache.hadoop.mapreduce.TaskCounter;CPU time spent (ms);12870;task_201407220146_0007_r_000001;;hdfs://localhost:8020/pdi_hadoop_metrics/metrics/job_201407220146_0007;hdfs://localhost:50030/logs/userlogs/job_201407220146_0007/TASK/stdout
junk;REDUCE_TASK;job_201407220146_0007;PHYSICAL_MEMORY_BYTES;1406023636405;org.apache.hadoop.mapreduce.TaskCounter;Physical memory (bytes) snapshot;230043648;task_201407220146_0007_r_000001;;hdfs://localhost:8020/pdi_hadoop_metrics/metrics/job_201407220146_0007;hdfs://localhost:50030/logs/userlogs/job_201407220146_0007/TASK/stdout
junk;REDUCE_TASK;job_201407220146_0007;VIRTUAL_MEMORY_BYTES;1406023636405;org.apache.hadoop.mapreduce.TaskCounter;Virtual memory (bytes) snapshot;1018445824;task_201407220146_0007_r_000001;;hdfs://localhost:8020/pdi_hadoop_metrics/metrics/job_201407220146_0007;hdfs://localhost:50030/logs/userlogs/job_201407220146_0007/TASK/stdout
junk;REDUCE_TASK;job_201407220146_0007;COMMITTED_HEAP_BYTES;1406023636405;org.apache.hadoop.mapreduce.TaskCounter;Total committed heap usage (bytes);96927744;task_201407220146_0007_r_000001;;hdfs://localhost:8020/pdi_hadoop_metrics/metrics/job_201407220146_0007;hdfs://localhost:50030/logs/userlogs/job_201407220146_0007/TASK/stdout
junk;REDUCE_TASK;job_201407220146_0007;;;;;;;Info:JobId=job_201407220146_0007;hdfs://localhost:8020/pdi_hadoop_metrics/metrics/job_201407220146_0007;hdfs://localhost:50030/logs/userlogs/job_201407220146_0007/TASK/stdout
junk;REDUCE_TASK;job_201407220146_0007;;;;;;;Info:TaskCurrentStatus=COMPLETE;hdfs://localhost:8020/pdi_hadoop_metrics/metrics/job_201407220146_0007;hdfs://localhost:50030/logs/userlogs/job_201407220146_0007/TASK/stdout
junk;REDUCE_TASK;job_201407220146_0007;;;;;;;Info:TaskFinishTime=1406023685226;hdfs://localhost:8020/pdi_hadoop_metrics/metrics/job_201407220146_0007;hdfs://localhost:50030/logs/userlogs/job_201407220146_0007/TASK/stdout
junk;REDUCE_TASK;job_201407220146_0007;;;;;;;Info:TaskId=task_201407220146_0007_r_000001;hdfs://localhost:8020/pdi_hadoop_metrics/metrics/job_201407220146_0007;hdfs://localhost:50030/logs/userlogs/job_201407220146_0007/TASK/stdout
junk;REDUCE_TASK;job_201407220146_0007;;;;;;;Info:TaskProgress=1.0;hdfs://localhost:8020/pdi_hadoop_metrics/metrics/job_201407220146_0007;hdfs://localhost:50030/logs/userlogs/job_201407220146_0007/TASK/stdout
junk;REDUCE_TASK;job_201407220146_0007;;;;;;;Info:TaskStartTime=1406023636405;hdfs://localhost:8020/pdi_hadoop_metrics/metrics/job_201407220146_0007;hdfs://localhost:50030/logs/userlogs/job_201407220146_0007/TASK/stdout
junk;REDUCE_TASK;job_201407220146_0007;;;;;;;Info:TaskState=reduce > reduce;hdfs://localhost:8020/pdi_hadoop_metrics/metrics/job_201407220146_0007;hdfs://localhost:50030/logs/userlogs/job_201407220146_0007/TASK/stdout
